Started at Sat May 02 18:56:13 BRT 2020
Processing APITest
Offering APITest to Project Build Discarder
Processing Deploy_on_Container
Offering Deploy_on_Container to Project Build Discarder
Processing Deploy_on_Container_using_ansible
Offering Deploy_on_Container_using_ansible to Project Build Discarder
Processing Deploy_on_Container_using_ansible_playbooks
Offering Deploy_on_Container_using_ansible_playbooks to Project Build Discarder
Processing Deploy_on_Docker
Offering Deploy_on_Docker to Project Build Discarder
Processing Deploy_on_Kubernetes_CD
Offering Deploy_on_Kubernetes_CD to Project Build Discarder
Processing Deploy_on_Kubernetes_CI
Offering Deploy_on_Kubernetes_CI to Project Build Discarder
Processing Deploy_to_Tomcat_Server
Offering Deploy_to_Tomcat_Server to Project Build Discarder
Processing DeployBack
Offering DeployBack to Project Build Discarder
Processing DeployFront
Offering DeployFront to Project Build Discarder
Processing FunctionalTest
Offering FunctionalTest to Project Build Discarder
Processing HelloPipeline
Offering HelloPipeline to Project Build Discarder
Processing HelloWorld
Offering HelloWorld to Project Build Discarder
Processing My_First_Maven_Build
Offering My_First_Maven_Build to Project Build Discarder
Processing TestandoPipeline
Offering TestandoPipeline to Project Build Discarder
Processing teste
Offering teste to Project Build Discarder
Processing My_First_Maven_Build/com.example.maven-project:maven-project
Offering My_First_Maven_Build/com.example.maven-project:maven-project to Project Build Discarder
Processing My_First_Maven_Build/com.example.maven-project:server
Offering My_First_Maven_Build/com.example.maven-project:server to Project Build Discarder
Processing My_First_Maven_Build/com.example.maven-project:webapp
Offering My_First_Maven_Build/com.example.maven-project:webapp to Project Build Discarder
Processing Deploy_to_Tomcat_Server/com.example.maven-project:maven-project
Offering Deploy_to_Tomcat_Server/com.example.maven-project:maven-project to Project Build Discarder
Processing Deploy_to_Tomcat_Server/com.example.maven-project:server
Offering Deploy_to_Tomcat_Server/com.example.maven-project:server to Project Build Discarder
Processing Deploy_to_Tomcat_Server/com.example.maven-project:webapp
Offering Deploy_to_Tomcat_Server/com.example.maven-project:webapp to Project Build Discarder
Processing Deploy_on_Kubernetes_CI/com.example.maven-project:maven-project
Offering Deploy_on_Kubernetes_CI/com.example.maven-project:maven-project to Project Build Discarder
Processing Deploy_on_Kubernetes_CI/com.example.maven-project:server
Offering Deploy_on_Kubernetes_CI/com.example.maven-project:server to Project Build Discarder
Processing Deploy_on_Kubernetes_CI/com.example.maven-project:webapp
Offering Deploy_on_Kubernetes_CI/com.example.maven-project:webapp to Project Build Discarder
Processing Deploy_on_Docker/com.example.maven-project:maven-project
Offering Deploy_on_Docker/com.example.maven-project:maven-project to Project Build Discarder
Processing Deploy_on_Docker/com.example.maven-project:server
Offering Deploy_on_Docker/com.example.maven-project:server to Project Build Discarder
Processing Deploy_on_Docker/com.example.maven-project:webapp
Offering Deploy_on_Docker/com.example.maven-project:webapp to Project Build Discarder
Processing Deploy_on_Container_using_ansible_playbooks/com.example.maven-project:maven-project
Offering Deploy_on_Container_using_ansible_playbooks/com.example.maven-project:maven-project to Project Build Discarder
Processing Deploy_on_Container_using_ansible_playbooks/com.example.maven-project:server
Offering Deploy_on_Container_using_ansible_playbooks/com.example.maven-project:server to Project Build Discarder
Processing Deploy_on_Container_using_ansible_playbooks/com.example.maven-project:webapp
Offering Deploy_on_Container_using_ansible_playbooks/com.example.maven-project:webapp to Project Build Discarder
Processing Deploy_on_Container_using_ansible/com.example.maven-project:maven-project
Offering Deploy_on_Container_using_ansible/com.example.maven-project:maven-project to Project Build Discarder
Processing Deploy_on_Container_using_ansible/com.example.maven-project:server
Offering Deploy_on_Container_using_ansible/com.example.maven-project:server to Project Build Discarder
Processing Deploy_on_Container_using_ansible/com.example.maven-project:webapp
Offering Deploy_on_Container_using_ansible/com.example.maven-project:webapp to Project Build Discarder
Processing Deploy_on_Container/com.example.maven-project:maven-project
Offering Deploy_on_Container/com.example.maven-project:maven-project to Project Build Discarder
Processing Deploy_on_Container/com.example.maven-project:server
Offering Deploy_on_Container/com.example.maven-project:server to Project Build Discarder
Processing Deploy_on_Container/com.example.maven-project:webapp
Offering Deploy_on_Container/com.example.maven-project:webapp to Project Build Discarder
Finished at Sat May 02 18:56:13 BRT 2020. 2ms
Started at Sat May 02 19:56:13 BRT 2020
Processing APITest
Offering APITest to Project Build Discarder
Processing Deploy_on_Container
Offering Deploy_on_Container to Project Build Discarder
Processing Deploy_on_Container_using_ansible
Offering Deploy_on_Container_using_ansible to Project Build Discarder
Processing Deploy_on_Container_using_ansible_playbooks
Offering Deploy_on_Container_using_ansible_playbooks to Project Build Discarder
Processing Deploy_on_Docker
Offering Deploy_on_Docker to Project Build Discarder
Processing Deploy_on_Kubernetes_CD
Offering Deploy_on_Kubernetes_CD to Project Build Discarder
Processing Deploy_on_Kubernetes_CI
Offering Deploy_on_Kubernetes_CI to Project Build Discarder
Processing Deploy_to_Tomcat_Server
Offering Deploy_to_Tomcat_Server to Project Build Discarder
Processing DeployBack
Offering DeployBack to Project Build Discarder
Processing DeployFront
Offering DeployFront to Project Build Discarder
Processing FunctionalTest
Offering FunctionalTest to Project Build Discarder
Processing HelloPipeline
Offering HelloPipeline to Project Build Discarder
Processing HelloWorld
Offering HelloWorld to Project Build Discarder
Processing My_First_Maven_Build
Offering My_First_Maven_Build to Project Build Discarder
Processing TestandoPipeline
Offering TestandoPipeline to Project Build Discarder
Processing teste
Offering teste to Project Build Discarder
Processing My_First_Maven_Build/com.example.maven-project:maven-project
Offering My_First_Maven_Build/com.example.maven-project:maven-project to Project Build Discarder
Processing My_First_Maven_Build/com.example.maven-project:server
Offering My_First_Maven_Build/com.example.maven-project:server to Project Build Discarder
Processing My_First_Maven_Build/com.example.maven-project:webapp
Offering My_First_Maven_Build/com.example.maven-project:webapp to Project Build Discarder
Processing Deploy_to_Tomcat_Server/com.example.maven-project:maven-project
Offering Deploy_to_Tomcat_Server/com.example.maven-project:maven-project to Project Build Discarder
Processing Deploy_to_Tomcat_Server/com.example.maven-project:server
Offering Deploy_to_Tomcat_Server/com.example.maven-project:server to Project Build Discarder
Processing Deploy_to_Tomcat_Server/com.example.maven-project:webapp
Offering Deploy_to_Tomcat_Server/com.example.maven-project:webapp to Project Build Discarder
Processing Deploy_on_Kubernetes_CI/com.example.maven-project:maven-project
Offering Deploy_on_Kubernetes_CI/com.example.maven-project:maven-project to Project Build Discarder
Processing Deploy_on_Kubernetes_CI/com.example.maven-project:server
Offering Deploy_on_Kubernetes_CI/com.example.maven-project:server to Project Build Discarder
Processing Deploy_on_Kubernetes_CI/com.example.maven-project:webapp
Offering Deploy_on_Kubernetes_CI/com.example.maven-project:webapp to Project Build Discarder
Processing Deploy_on_Docker/com.example.maven-project:maven-project
Offering Deploy_on_Docker/com.example.maven-project:maven-project to Project Build Discarder
Processing Deploy_on_Docker/com.example.maven-project:server
Offering Deploy_on_Docker/com.example.maven-project:server to Project Build Discarder
Processing Deploy_on_Docker/com.example.maven-project:webapp
Offering Deploy_on_Docker/com.example.maven-project:webapp to Project Build Discarder
Processing Deploy_on_Container_using_ansible_playbooks/com.example.maven-project:maven-project
Offering Deploy_on_Container_using_ansible_playbooks/com.example.maven-project:maven-project to Project Build Discarder
Processing Deploy_on_Container_using_ansible_playbooks/com.example.maven-project:server
Offering Deploy_on_Container_using_ansible_playbooks/com.example.maven-project:server to Project Build Discarder
Processing Deploy_on_Container_using_ansible_playbooks/com.example.maven-project:webapp
Offering Deploy_on_Container_using_ansible_playbooks/com.example.maven-project:webapp to Project Build Discarder
Processing Deploy_on_Container_using_ansible/com.example.maven-project:maven-project
Offering Deploy_on_Container_using_ansible/com.example.maven-project:maven-project to Project Build Discarder
Processing Deploy_on_Container_using_ansible/com.example.maven-project:server
Offering Deploy_on_Container_using_ansible/com.example.maven-project:server to Project Build Discarder
Processing Deploy_on_Container_using_ansible/com.example.maven-project:webapp
Offering Deploy_on_Container_using_ansible/com.example.maven-project:webapp to Project Build Discarder
Processing Deploy_on_Container/com.example.maven-project:maven-project
Offering Deploy_on_Container/com.example.maven-project:maven-project to Project Build Discarder
Processing Deploy_on_Container/com.example.maven-project:server
Offering Deploy_on_Container/com.example.maven-project:server to Project Build Discarder
Processing Deploy_on_Container/com.example.maven-project:webapp
Offering Deploy_on_Container/com.example.maven-project:webapp to Project Build Discarder
Finished at Sat May 02 19:56:13 BRT 2020. 1ms
Started at Sat May 02 20:56:13 BRT 2020
Processing APITest
Offering APITest to Project Build Discarder
Processing Deploy_on_Container
Offering Deploy_on_Container to Project Build Discarder
Processing Deploy_on_Container_using_ansible
Offering Deploy_on_Container_using_ansible to Project Build Discarder
Processing Deploy_on_Container_using_ansible_playbooks
Offering Deploy_on_Container_using_ansible_playbooks to Project Build Discarder
Processing Deploy_on_Docker
Offering Deploy_on_Docker to Project Build Discarder
Processing Deploy_on_Kubernetes_CD
Offering Deploy_on_Kubernetes_CD to Project Build Discarder
Processing Deploy_on_Kubernetes_CI
Offering Deploy_on_Kubernetes_CI to Project Build Discarder
Processing Deploy_to_Tomcat_Server
Offering Deploy_to_Tomcat_Server to Project Build Discarder
Processing DeployBack
Offering DeployBack to Project Build Discarder
Processing DeployFront
Offering DeployFront to Project Build Discarder
Processing FunctionalTest
Offering FunctionalTest to Project Build Discarder
Processing HelloPipeline
Offering HelloPipeline to Project Build Discarder
Processing HelloWorld
Offering HelloWorld to Project Build Discarder
Processing My_First_Maven_Build
Offering My_First_Maven_Build to Project Build Discarder
Processing TestandoPipeline
Offering TestandoPipeline to Project Build Discarder
Processing teste
Offering teste to Project Build Discarder
Processing My_First_Maven_Build/com.example.maven-project:maven-project
Offering My_First_Maven_Build/com.example.maven-project:maven-project to Project Build Discarder
Processing My_First_Maven_Build/com.example.maven-project:server
Offering My_First_Maven_Build/com.example.maven-project:server to Project Build Discarder
Processing My_First_Maven_Build/com.example.maven-project:webapp
Offering My_First_Maven_Build/com.example.maven-project:webapp to Project Build Discarder
Processing Deploy_to_Tomcat_Server/com.example.maven-project:maven-project
Offering Deploy_to_Tomcat_Server/com.example.maven-project:maven-project to Project Build Discarder
Processing Deploy_to_Tomcat_Server/com.example.maven-project:server
Offering Deploy_to_Tomcat_Server/com.example.maven-project:server to Project Build Discarder
Processing Deploy_to_Tomcat_Server/com.example.maven-project:webapp
Offering Deploy_to_Tomcat_Server/com.example.maven-project:webapp to Project Build Discarder
Processing Deploy_on_Kubernetes_CI/com.example.maven-project:maven-project
Offering Deploy_on_Kubernetes_CI/com.example.maven-project:maven-project to Project Build Discarder
Processing Deploy_on_Kubernetes_CI/com.example.maven-project:server
Offering Deploy_on_Kubernetes_CI/com.example.maven-project:server to Project Build Discarder
Processing Deploy_on_Kubernetes_CI/com.example.maven-project:webapp
Offering Deploy_on_Kubernetes_CI/com.example.maven-project:webapp to Project Build Discarder
Processing Deploy_on_Docker/com.example.maven-project:maven-project
Offering Deploy_on_Docker/com.example.maven-project:maven-project to Project Build Discarder
Processing Deploy_on_Docker/com.example.maven-project:server
Offering Deploy_on_Docker/com.example.maven-project:server to Project Build Discarder
Processing Deploy_on_Docker/com.example.maven-project:webapp
Offering Deploy_on_Docker/com.example.maven-project:webapp to Project Build Discarder
Processing Deploy_on_Container_using_ansible_playbooks/com.example.maven-project:maven-project
Offering Deploy_on_Container_using_ansible_playbooks/com.example.maven-project:maven-project to Project Build Discarder
Processing Deploy_on_Container_using_ansible_playbooks/com.example.maven-project:server
Offering Deploy_on_Container_using_ansible_playbooks/com.example.maven-project:server to Project Build Discarder
Processing Deploy_on_Container_using_ansible_playbooks/com.example.maven-project:webapp
Offering Deploy_on_Container_using_ansible_playbooks/com.example.maven-project:webapp to Project Build Discarder
Processing Deploy_on_Container_using_ansible/com.example.maven-project:maven-project
Offering Deploy_on_Container_using_ansible/com.example.maven-project:maven-project to Project Build Discarder
Processing Deploy_on_Container_using_ansible/com.example.maven-project:server
Offering Deploy_on_Container_using_ansible/com.example.maven-project:server to Project Build Discarder
Processing Deploy_on_Container_using_ansible/com.example.maven-project:webapp
Offering Deploy_on_Container_using_ansible/com.example.maven-project:webapp to Project Build Discarder
Processing Deploy_on_Container/com.example.maven-project:maven-project
Offering Deploy_on_Container/com.example.maven-project:maven-project to Project Build Discarder
Processing Deploy_on_Container/com.example.maven-project:server
Offering Deploy_on_Container/com.example.maven-project:server to Project Build Discarder
Processing Deploy_on_Container/com.example.maven-project:webapp
Offering Deploy_on_Container/com.example.maven-project:webapp to Project Build Discarder
Finished at Sat May 02 20:56:13 BRT 2020. 2ms
Started at Sat May 02 21:56:13 BRT 2020
Processing APITest
Offering APITest to Project Build Discarder
Processing Deploy_on_Container
Offering Deploy_on_Container to Project Build Discarder
Processing Deploy_on_Container_using_ansible
Offering Deploy_on_Container_using_ansible to Project Build Discarder
Processing Deploy_on_Container_using_ansible_playbooks
Offering Deploy_on_Container_using_ansible_playbooks to Project Build Discarder
Processing Deploy_on_Docker
Offering Deploy_on_Docker to Project Build Discarder
Processing Deploy_on_Kubernetes_CD
Offering Deploy_on_Kubernetes_CD to Project Build Discarder
Processing Deploy_on_Kubernetes_CI
Offering Deploy_on_Kubernetes_CI to Project Build Discarder
Processing Deploy_to_Tomcat_Server
Offering Deploy_to_Tomcat_Server to Project Build Discarder
Processing DeployBack
Offering DeployBack to Project Build Discarder
Processing DeployFront
Offering DeployFront to Project Build Discarder
Processing FunctionalTest
Offering FunctionalTest to Project Build Discarder
Processing HelloPipeline
Offering HelloPipeline to Project Build Discarder
Processing HelloWorld
Offering HelloWorld to Project Build Discarder
Processing My_First_Maven_Build
Offering My_First_Maven_Build to Project Build Discarder
Processing TestandoPipeline
Offering TestandoPipeline to Project Build Discarder
Processing teste
Offering teste to Project Build Discarder
Processing My_First_Maven_Build/com.example.maven-project:maven-project
Offering My_First_Maven_Build/com.example.maven-project:maven-project to Project Build Discarder
Processing My_First_Maven_Build/com.example.maven-project:server
Offering My_First_Maven_Build/com.example.maven-project:server to Project Build Discarder
Processing My_First_Maven_Build/com.example.maven-project:webapp
Offering My_First_Maven_Build/com.example.maven-project:webapp to Project Build Discarder
Processing Deploy_to_Tomcat_Server/com.example.maven-project:maven-project
Offering Deploy_to_Tomcat_Server/com.example.maven-project:maven-project to Project Build Discarder
Processing Deploy_to_Tomcat_Server/com.example.maven-project:server
Offering Deploy_to_Tomcat_Server/com.example.maven-project:server to Project Build Discarder
Processing Deploy_to_Tomcat_Server/com.example.maven-project:webapp
Offering Deploy_to_Tomcat_Server/com.example.maven-project:webapp to Project Build Discarder
Processing Deploy_on_Kubernetes_CI/com.example.maven-project:maven-project
Offering Deploy_on_Kubernetes_CI/com.example.maven-project:maven-project to Project Build Discarder
Processing Deploy_on_Kubernetes_CI/com.example.maven-project:server
Offering Deploy_on_Kubernetes_CI/com.example.maven-project:server to Project Build Discarder
Processing Deploy_on_Kubernetes_CI/com.example.maven-project:webapp
Offering Deploy_on_Kubernetes_CI/com.example.maven-project:webapp to Project Build Discarder
Processing Deploy_on_Docker/com.example.maven-project:maven-project
Offering Deploy_on_Docker/com.example.maven-project:maven-project to Project Build Discarder
Processing Deploy_on_Docker/com.example.maven-project:server
Offering Deploy_on_Docker/com.example.maven-project:server to Project Build Discarder
Processing Deploy_on_Docker/com.example.maven-project:webapp
Offering Deploy_on_Docker/com.example.maven-project:webapp to Project Build Discarder
Processing Deploy_on_Container_using_ansible_playbooks/com.example.maven-project:maven-project
Offering Deploy_on_Container_using_ansible_playbooks/com.example.maven-project:maven-project to Project Build Discarder
Processing Deploy_on_Container_using_ansible_playbooks/com.example.maven-project:server
Offering Deploy_on_Container_using_ansible_playbooks/com.example.maven-project:server to Project Build Discarder
Processing Deploy_on_Container_using_ansible_playbooks/com.example.maven-project:webapp
Offering Deploy_on_Container_using_ansible_playbooks/com.example.maven-project:webapp to Project Build Discarder
Processing Deploy_on_Container_using_ansible/com.example.maven-project:maven-project
Offering Deploy_on_Container_using_ansible/com.example.maven-project:maven-project to Project Build Discarder
Processing Deploy_on_Container_using_ansible/com.example.maven-project:server
Offering Deploy_on_Container_using_ansible/com.example.maven-project:server to Project Build Discarder
Processing Deploy_on_Container_using_ansible/com.example.maven-project:webapp
Offering Deploy_on_Container_using_ansible/com.example.maven-project:webapp to Project Build Discarder
Processing Deploy_on_Container/com.example.maven-project:maven-project
Offering Deploy_on_Container/com.example.maven-project:maven-project to Project Build Discarder
Processing Deploy_on_Container/com.example.maven-project:server
Offering Deploy_on_Container/com.example.maven-project:server to Project Build Discarder
Processing Deploy_on_Container/com.example.maven-project:webapp
Offering Deploy_on_Container/com.example.maven-project:webapp to Project Build Discarder
Finished at Sat May 02 21:56:13 BRT 2020. 1ms
Started at Sat May 02 22:56:13 BRT 2020
Processing APITest
Offering APITest to Project Build Discarder
Processing Deploy_on_Container
Offering Deploy_on_Container to Project Build Discarder
Processing Deploy_on_Container_using_ansible
Offering Deploy_on_Container_using_ansible to Project Build Discarder
Processing Deploy_on_Container_using_ansible_playbooks
Offering Deploy_on_Container_using_ansible_playbooks to Project Build Discarder
Processing Deploy_on_Docker
Offering Deploy_on_Docker to Project Build Discarder
Processing Deploy_on_Kubernetes_CD
Offering Deploy_on_Kubernetes_CD to Project Build Discarder
Processing Deploy_on_Kubernetes_CI
Offering Deploy_on_Kubernetes_CI to Project Build Discarder
Processing Deploy_to_Tomcat_Server
Offering Deploy_to_Tomcat_Server to Project Build Discarder
Processing DeployBack
Offering DeployBack to Project Build Discarder
Processing DeployFront
Offering DeployFront to Project Build Discarder
Processing FunctionalTest
Offering FunctionalTest to Project Build Discarder
Processing HelloPipeline
Offering HelloPipeline to Project Build Discarder
Processing HelloWorld
Offering HelloWorld to Project Build Discarder
Processing My_First_Maven_Build
Offering My_First_Maven_Build to Project Build Discarder
Processing TestandoPipeline
Offering TestandoPipeline to Project Build Discarder
Processing teste
Offering teste to Project Build Discarder
Processing My_First_Maven_Build/com.example.maven-project:maven-project
Offering My_First_Maven_Build/com.example.maven-project:maven-project to Project Build Discarder
Processing My_First_Maven_Build/com.example.maven-project:server
Offering My_First_Maven_Build/com.example.maven-project:server to Project Build Discarder
Processing My_First_Maven_Build/com.example.maven-project:webapp
Offering My_First_Maven_Build/com.example.maven-project:webapp to Project Build Discarder
Processing Deploy_to_Tomcat_Server/com.example.maven-project:maven-project
Offering Deploy_to_Tomcat_Server/com.example.maven-project:maven-project to Project Build Discarder
Processing Deploy_to_Tomcat_Server/com.example.maven-project:server
Offering Deploy_to_Tomcat_Server/com.example.maven-project:server to Project Build Discarder
Processing Deploy_to_Tomcat_Server/com.example.maven-project:webapp
Offering Deploy_to_Tomcat_Server/com.example.maven-project:webapp to Project Build Discarder
Processing Deploy_on_Kubernetes_CI/com.example.maven-project:maven-project
Offering Deploy_on_Kubernetes_CI/com.example.maven-project:maven-project to Project Build Discarder
Processing Deploy_on_Kubernetes_CI/com.example.maven-project:server
Offering Deploy_on_Kubernetes_CI/com.example.maven-project:server to Project Build Discarder
Processing Deploy_on_Kubernetes_CI/com.example.maven-project:webapp
Offering Deploy_on_Kubernetes_CI/com.example.maven-project:webapp to Project Build Discarder
Processing Deploy_on_Docker/com.example.maven-project:maven-project
Offering Deploy_on_Docker/com.example.maven-project:maven-project to Project Build Discarder
Processing Deploy_on_Docker/com.example.maven-project:server
Offering Deploy_on_Docker/com.example.maven-project:server to Project Build Discarder
Processing Deploy_on_Docker/com.example.maven-project:webapp
Offering Deploy_on_Docker/com.example.maven-project:webapp to Project Build Discarder
Processing Deploy_on_Container_using_ansible_playbooks/com.example.maven-project:maven-project
Offering Deploy_on_Container_using_ansible_playbooks/com.example.maven-project:maven-project to Project Build Discarder
Processing Deploy_on_Container_using_ansible_playbooks/com.example.maven-project:server
Offering Deploy_on_Container_using_ansible_playbooks/com.example.maven-project:server to Project Build Discarder
Processing Deploy_on_Container_using_ansible_playbooks/com.example.maven-project:webapp
Offering Deploy_on_Container_using_ansible_playbooks/com.example.maven-project:webapp to Project Build Discarder
Processing Deploy_on_Container_using_ansible/com.example.maven-project:maven-project
Offering Deploy_on_Container_using_ansible/com.example.maven-project:maven-project to Project Build Discarder
Processing Deploy_on_Container_using_ansible/com.example.maven-project:server
Offering Deploy_on_Container_using_ansible/com.example.maven-project:server to Project Build Discarder
Processing Deploy_on_Container_using_ansible/com.example.maven-project:webapp
Offering Deploy_on_Container_using_ansible/com.example.maven-project:webapp to Project Build Discarder
Processing Deploy_on_Container/com.example.maven-project:maven-project
Offering Deploy_on_Container/com.example.maven-project:maven-project to Project Build Discarder
Processing Deploy_on_Container/com.example.maven-project:server
Offering Deploy_on_Container/com.example.maven-project:server to Project Build Discarder
Processing Deploy_on_Container/com.example.maven-project:webapp
Offering Deploy_on_Container/com.example.maven-project:webapp to Project Build Discarder
Finished at Sat May 02 22:56:13 BRT 2020. 1ms
Started at Sat May 02 23:56:13 BRT 2020
Processing APITest
Offering APITest to Project Build Discarder
Processing Deploy_on_Container
Offering Deploy_on_Container to Project Build Discarder
Processing Deploy_on_Container_using_ansible
Offering Deploy_on_Container_using_ansible to Project Build Discarder
Processing Deploy_on_Container_using_ansible_playbooks
Offering Deploy_on_Container_using_ansible_playbooks to Project Build Discarder
Processing Deploy_on_Docker
Offering Deploy_on_Docker to Project Build Discarder
Processing Deploy_on_Kubernetes_CD
Offering Deploy_on_Kubernetes_CD to Project Build Discarder
Processing Deploy_on_Kubernetes_CI
Offering Deploy_on_Kubernetes_CI to Project Build Discarder
Processing Deploy_to_Tomcat_Server
Offering Deploy_to_Tomcat_Server to Project Build Discarder
Processing DeployBack
Offering DeployBack to Project Build Discarder
Processing DeployFront
Offering DeployFront to Project Build Discarder
Processing FunctionalTest
Offering FunctionalTest to Project Build Discarder
Processing HelloPipeline
Offering HelloPipeline to Project Build Discarder
Processing HelloWorld
Offering HelloWorld to Project Build Discarder
Processing My_First_Maven_Build
Offering My_First_Maven_Build to Project Build Discarder
Processing TestandoPipeline
Offering TestandoPipeline to Project Build Discarder
Processing teste
Offering teste to Project Build Discarder
Processing My_First_Maven_Build/com.example.maven-project:maven-project
Offering My_First_Maven_Build/com.example.maven-project:maven-project to Project Build Discarder
Processing My_First_Maven_Build/com.example.maven-project:server
Offering My_First_Maven_Build/com.example.maven-project:server to Project Build Discarder
Processing My_First_Maven_Build/com.example.maven-project:webapp
Offering My_First_Maven_Build/com.example.maven-project:webapp to Project Build Discarder
Processing Deploy_to_Tomcat_Server/com.example.maven-project:maven-project
Offering Deploy_to_Tomcat_Server/com.example.maven-project:maven-project to Project Build Discarder
Processing Deploy_to_Tomcat_Server/com.example.maven-project:server
Offering Deploy_to_Tomcat_Server/com.example.maven-project:server to Project Build Discarder
Processing Deploy_to_Tomcat_Server/com.example.maven-project:webapp
Offering Deploy_to_Tomcat_Server/com.example.maven-project:webapp to Project Build Discarder
Processing Deploy_on_Kubernetes_CI/com.example.maven-project:maven-project
Offering Deploy_on_Kubernetes_CI/com.example.maven-project:maven-project to Project Build Discarder
Processing Deploy_on_Kubernetes_CI/com.example.maven-project:server
Offering Deploy_on_Kubernetes_CI/com.example.maven-project:server to Project Build Discarder
Processing Deploy_on_Kubernetes_CI/com.example.maven-project:webapp
Offering Deploy_on_Kubernetes_CI/com.example.maven-project:webapp to Project Build Discarder
Processing Deploy_on_Docker/com.example.maven-project:maven-project
Offering Deploy_on_Docker/com.example.maven-project:maven-project to Project Build Discarder
Processing Deploy_on_Docker/com.example.maven-project:server
Offering Deploy_on_Docker/com.example.maven-project:server to Project Build Discarder
Processing Deploy_on_Docker/com.example.maven-project:webapp
Offering Deploy_on_Docker/com.example.maven-project:webapp to Project Build Discarder
Processing Deploy_on_Container_using_ansible_playbooks/com.example.maven-project:maven-project
Offering Deploy_on_Container_using_ansible_playbooks/com.example.maven-project:maven-project to Project Build Discarder
Processing Deploy_on_Container_using_ansible_playbooks/com.example.maven-project:server
Offering Deploy_on_Container_using_ansible_playbooks/com.example.maven-project:server to Project Build Discarder
Processing Deploy_on_Container_using_ansible_playbooks/com.example.maven-project:webapp
Offering Deploy_on_Container_using_ansible_playbooks/com.example.maven-project:webapp to Project Build Discarder
Processing Deploy_on_Container_using_ansible/com.example.maven-project:maven-project
Offering Deploy_on_Container_using_ansible/com.example.maven-project:maven-project to Project Build Discarder
Processing Deploy_on_Container_using_ansible/com.example.maven-project:server
Offering Deploy_on_Container_using_ansible/com.example.maven-project:server to Project Build Discarder
Processing Deploy_on_Container_using_ansible/com.example.maven-project:webapp
Offering Deploy_on_Container_using_ansible/com.example.maven-project:webapp to Project Build Discarder
Processing Deploy_on_Container/com.example.maven-project:maven-project
Offering Deploy_on_Container/com.example.maven-project:maven-project to Project Build Discarder
Processing Deploy_on_Container/com.example.maven-project:server
Offering Deploy_on_Container/com.example.maven-project:server to Project Build Discarder
Processing Deploy_on_Container/com.example.maven-project:webapp
Offering Deploy_on_Container/com.example.maven-project:webapp to Project Build Discarder
Finished at Sat May 02 23:56:13 BRT 2020. 1ms
Started at Sun May 03 00:56:13 BRT 2020
Processing APITest
Offering APITest to Project Build Discarder
Processing Deploy_on_Container
Offering Deploy_on_Container to Project Build Discarder
Processing Deploy_on_Container_using_ansible
Offering Deploy_on_Container_using_ansible to Project Build Discarder
Processing Deploy_on_Container_using_ansible_playbooks
Offering Deploy_on_Container_using_ansible_playbooks to Project Build Discarder
Processing Deploy_on_Docker
Offering Deploy_on_Docker to Project Build Discarder
Processing Deploy_on_Kubernetes_CD
Offering Deploy_on_Kubernetes_CD to Project Build Discarder
Processing Deploy_on_Kubernetes_CI
Offering Deploy_on_Kubernetes_CI to Project Build Discarder
Processing Deploy_to_Tomcat_Server
Offering Deploy_to_Tomcat_Server to Project Build Discarder
Processing DeployBack
Offering DeployBack to Project Build Discarder
Processing DeployFront
Offering DeployFront to Project Build Discarder
Processing FunctionalTest
Offering FunctionalTest to Project Build Discarder
Processing HelloPipeline
Offering HelloPipeline to Project Build Discarder
Processing HelloWorld
Offering HelloWorld to Project Build Discarder
Processing My_First_Maven_Build
Offering My_First_Maven_Build to Project Build Discarder
Processing TestandoPipeline
Offering TestandoPipeline to Project Build Discarder
Processing teste
Offering teste to Project Build Discarder
Processing My_First_Maven_Build/com.example.maven-project:maven-project
Offering My_First_Maven_Build/com.example.maven-project:maven-project to Project Build Discarder
Processing My_First_Maven_Build/com.example.maven-project:server
Offering My_First_Maven_Build/com.example.maven-project:server to Project Build Discarder
Processing My_First_Maven_Build/com.example.maven-project:webapp
Offering My_First_Maven_Build/com.example.maven-project:webapp to Project Build Discarder
Processing Deploy_to_Tomcat_Server/com.example.maven-project:maven-project
Offering Deploy_to_Tomcat_Server/com.example.maven-project:maven-project to Project Build Discarder
Processing Deploy_to_Tomcat_Server/com.example.maven-project:server
Offering Deploy_to_Tomcat_Server/com.example.maven-project:server to Project Build Discarder
Processing Deploy_to_Tomcat_Server/com.example.maven-project:webapp
Offering Deploy_to_Tomcat_Server/com.example.maven-project:webapp to Project Build Discarder
Processing Deploy_on_Kubernetes_CI/com.example.maven-project:maven-project
Offering Deploy_on_Kubernetes_CI/com.example.maven-project:maven-project to Project Build Discarder
Processing Deploy_on_Kubernetes_CI/com.example.maven-project:server
Offering Deploy_on_Kubernetes_CI/com.example.maven-project:server to Project Build Discarder
Processing Deploy_on_Kubernetes_CI/com.example.maven-project:webapp
Offering Deploy_on_Kubernetes_CI/com.example.maven-project:webapp to Project Build Discarder
Processing Deploy_on_Docker/com.example.maven-project:maven-project
Offering Deploy_on_Docker/com.example.maven-project:maven-project to Project Build Discarder
Processing Deploy_on_Docker/com.example.maven-project:server
Offering Deploy_on_Docker/com.example.maven-project:server to Project Build Discarder
Processing Deploy_on_Docker/com.example.maven-project:webapp
Offering Deploy_on_Docker/com.example.maven-project:webapp to Project Build Discarder
Processing Deploy_on_Container_using_ansible_playbooks/com.example.maven-project:maven-project
Offering Deploy_on_Container_using_ansible_playbooks/com.example.maven-project:maven-project to Project Build Discarder
Processing Deploy_on_Container_using_ansible_playbooks/com.example.maven-project:server
Offering Deploy_on_Container_using_ansible_playbooks/com.example.maven-project:server to Project Build Discarder
Processing Deploy_on_Container_using_ansible_playbooks/com.example.maven-project:webapp
Offering Deploy_on_Container_using_ansible_playbooks/com.example.maven-project:webapp to Project Build Discarder
Processing Deploy_on_Container_using_ansible/com.example.maven-project:maven-project
Offering Deploy_on_Container_using_ansible/com.example.maven-project:maven-project to Project Build Discarder
Processing Deploy_on_Container_using_ansible/com.example.maven-project:server
Offering Deploy_on_Container_using_ansible/com.example.maven-project:server to Project Build Discarder
Processing Deploy_on_Container_using_ansible/com.example.maven-project:webapp
Offering Deploy_on_Container_using_ansible/com.example.maven-project:webapp to Project Build Discarder
Processing Deploy_on_Container/com.example.maven-project:maven-project
Offering Deploy_on_Container/com.example.maven-project:maven-project to Project Build Discarder
Processing Deploy_on_Container/com.example.maven-project:server
Offering Deploy_on_Container/com.example.maven-project:server to Project Build Discarder
Processing Deploy_on_Container/com.example.maven-project:webapp
Offering Deploy_on_Container/com.example.maven-project:webapp to Project Build Discarder
Finished at Sun May 03 00:56:13 BRT 2020. 2ms
Started at Sun May 03 01:56:13 BRT 2020
Processing APITest
Offering APITest to Project Build Discarder
Processing Deploy_on_Container
Offering Deploy_on_Container to Project Build Discarder
Processing Deploy_on_Container_using_ansible
Offering Deploy_on_Container_using_ansible to Project Build Discarder
Processing Deploy_on_Container_using_ansible_playbooks
Offering Deploy_on_Container_using_ansible_playbooks to Project Build Discarder
Processing Deploy_on_Docker
Offering Deploy_on_Docker to Project Build Discarder
Processing Deploy_on_Kubernetes_CD
Offering Deploy_on_Kubernetes_CD to Project Build Discarder
Processing Deploy_on_Kubernetes_CI
Offering Deploy_on_Kubernetes_CI to Project Build Discarder
Processing Deploy_to_Tomcat_Server
Offering Deploy_to_Tomcat_Server to Project Build Discarder
Processing DeployBack
Offering DeployBack to Project Build Discarder
Processing DeployFront
Offering DeployFront to Project Build Discarder
Processing FunctionalTest
Offering FunctionalTest to Project Build Discarder
Processing HelloPipeline
Offering HelloPipeline to Project Build Discarder
Processing HelloWorld
Offering HelloWorld to Project Build Discarder
Processing My_First_Maven_Build
Offering My_First_Maven_Build to Project Build Discarder
Processing TestandoPipeline
Offering TestandoPipeline to Project Build Discarder
Processing teste
Offering teste to Project Build Discarder
Processing My_First_Maven_Build/com.example.maven-project:maven-project
Offering My_First_Maven_Build/com.example.maven-project:maven-project to Project Build Discarder
Processing My_First_Maven_Build/com.example.maven-project:server
Offering My_First_Maven_Build/com.example.maven-project:server to Project Build Discarder
Processing My_First_Maven_Build/com.example.maven-project:webapp
Offering My_First_Maven_Build/com.example.maven-project:webapp to Project Build Discarder
Processing Deploy_to_Tomcat_Server/com.example.maven-project:maven-project
Offering Deploy_to_Tomcat_Server/com.example.maven-project:maven-project to Project Build Discarder
Processing Deploy_to_Tomcat_Server/com.example.maven-project:server
Offering Deploy_to_Tomcat_Server/com.example.maven-project:server to Project Build Discarder
Processing Deploy_to_Tomcat_Server/com.example.maven-project:webapp
Offering Deploy_to_Tomcat_Server/com.example.maven-project:webapp to Project Build Discarder
Processing Deploy_on_Kubernetes_CI/com.example.maven-project:maven-project
Offering Deploy_on_Kubernetes_CI/com.example.maven-project:maven-project to Project Build Discarder
Processing Deploy_on_Kubernetes_CI/com.example.maven-project:server
Offering Deploy_on_Kubernetes_CI/com.example.maven-project:server to Project Build Discarder
Processing Deploy_on_Kubernetes_CI/com.example.maven-project:webapp
Offering Deploy_on_Kubernetes_CI/com.example.maven-project:webapp to Project Build Discarder
Processing Deploy_on_Docker/com.example.maven-project:maven-project
Offering Deploy_on_Docker/com.example.maven-project:maven-project to Project Build Discarder
Processing Deploy_on_Docker/com.example.maven-project:server
Offering Deploy_on_Docker/com.example.maven-project:server to Project Build Discarder
Processing Deploy_on_Docker/com.example.maven-project:webapp
Offering Deploy_on_Docker/com.example.maven-project:webapp to Project Build Discarder
Processing Deploy_on_Container_using_ansible_playbooks/com.example.maven-project:maven-project
Offering Deploy_on_Container_using_ansible_playbooks/com.example.maven-project:maven-project to Project Build Discarder
Processing Deploy_on_Container_using_ansible_playbooks/com.example.maven-project:server
Offering Deploy_on_Container_using_ansible_playbooks/com.example.maven-project:server to Project Build Discarder
Processing Deploy_on_Container_using_ansible_playbooks/com.example.maven-project:webapp
Offering Deploy_on_Container_using_ansible_playbooks/com.example.maven-project:webapp to Project Build Discarder
Processing Deploy_on_Container_using_ansible/com.example.maven-project:maven-project
Offering Deploy_on_Container_using_ansible/com.example.maven-project:maven-project to Project Build Discarder
Processing Deploy_on_Container_using_ansible/com.example.maven-project:server
Offering Deploy_on_Container_using_ansible/com.example.maven-project:server to Project Build Discarder
Processing Deploy_on_Container_using_ansible/com.example.maven-project:webapp
Offering Deploy_on_Container_using_ansible/com.example.maven-project:webapp to Project Build Discarder
Processing Deploy_on_Container/com.example.maven-project:maven-project
Offering Deploy_on_Container/com.example.maven-project:maven-project to Project Build Discarder
Processing Deploy_on_Container/com.example.maven-project:server
Offering Deploy_on_Container/com.example.maven-project:server to Project Build Discarder
Processing Deploy_on_Container/com.example.maven-project:webapp
Offering Deploy_on_Container/com.example.maven-project:webapp to Project Build Discarder
Finished at Sun May 03 01:56:13 BRT 2020. 2ms
Started at Sun May 03 02:56:13 BRT 2020
Processing APITest
Offering APITest to Project Build Discarder
Processing Deploy_on_Container
Offering Deploy_on_Container to Project Build Discarder
Processing Deploy_on_Container_using_ansible
Offering Deploy_on_Container_using_ansible to Project Build Discarder
Processing Deploy_on_Container_using_ansible_playbooks
Offering Deploy_on_Container_using_ansible_playbooks to Project Build Discarder
Processing Deploy_on_Docker
Offering Deploy_on_Docker to Project Build Discarder
Processing Deploy_on_Kubernetes_CD
Offering Deploy_on_Kubernetes_CD to Project Build Discarder
Processing Deploy_on_Kubernetes_CI
Offering Deploy_on_Kubernetes_CI to Project Build Discarder
Processing Deploy_to_Tomcat_Server
Offering Deploy_to_Tomcat_Server to Project Build Discarder
Processing DeployBack
Offering DeployBack to Project Build Discarder
Processing DeployFront
Offering DeployFront to Project Build Discarder
Processing FunctionalTest
Offering FunctionalTest to Project Build Discarder
Processing HelloPipeline
Offering HelloPipeline to Project Build Discarder
Processing HelloWorld
Offering HelloWorld to Project Build Discarder
Processing My_First_Maven_Build
Offering My_First_Maven_Build to Project Build Discarder
Processing TestandoPipeline
Offering TestandoPipeline to Project Build Discarder
Processing teste
Offering teste to Project Build Discarder
Processing My_First_Maven_Build/com.example.maven-project:maven-project
Offering My_First_Maven_Build/com.example.maven-project:maven-project to Project Build Discarder
Processing My_First_Maven_Build/com.example.maven-project:server
Offering My_First_Maven_Build/com.example.maven-project:server to Project Build Discarder
Processing My_First_Maven_Build/com.example.maven-project:webapp
Offering My_First_Maven_Build/com.example.maven-project:webapp to Project Build Discarder
Processing Deploy_to_Tomcat_Server/com.example.maven-project:maven-project
Offering Deploy_to_Tomcat_Server/com.example.maven-project:maven-project to Project Build Discarder
Processing Deploy_to_Tomcat_Server/com.example.maven-project:server
Offering Deploy_to_Tomcat_Server/com.example.maven-project:server to Project Build Discarder
Processing Deploy_to_Tomcat_Server/com.example.maven-project:webapp
Offering Deploy_to_Tomcat_Server/com.example.maven-project:webapp to Project Build Discarder
Processing Deploy_on_Kubernetes_CI/com.example.maven-project:maven-project
Offering Deploy_on_Kubernetes_CI/com.example.maven-project:maven-project to Project Build Discarder
Processing Deploy_on_Kubernetes_CI/com.example.maven-project:server
Offering Deploy_on_Kubernetes_CI/com.example.maven-project:server to Project Build Discarder
Processing Deploy_on_Kubernetes_CI/com.example.maven-project:webapp
Offering Deploy_on_Kubernetes_CI/com.example.maven-project:webapp to Project Build Discarder
Processing Deploy_on_Docker/com.example.maven-project:maven-project
Offering Deploy_on_Docker/com.example.maven-project:maven-project to Project Build Discarder
Processing Deploy_on_Docker/com.example.maven-project:server
Offering Deploy_on_Docker/com.example.maven-project:server to Project Build Discarder
Processing Deploy_on_Docker/com.example.maven-project:webapp
Offering Deploy_on_Docker/com.example.maven-project:webapp to Project Build Discarder
Processing Deploy_on_Container_using_ansible_playbooks/com.example.maven-project:maven-project
Offering Deploy_on_Container_using_ansible_playbooks/com.example.maven-project:maven-project to Project Build Discarder
Processing Deploy_on_Container_using_ansible_playbooks/com.example.maven-project:server
Offering Deploy_on_Container_using_ansible_playbooks/com.example.maven-project:server to Project Build Discarder
Processing Deploy_on_Container_using_ansible_playbooks/com.example.maven-project:webapp
Offering Deploy_on_Container_using_ansible_playbooks/com.example.maven-project:webapp to Project Build Discarder
Processing Deploy_on_Container_using_ansible/com.example.maven-project:maven-project
Offering Deploy_on_Container_using_ansible/com.example.maven-project:maven-project to Project Build Discarder
Processing Deploy_on_Container_using_ansible/com.example.maven-project:server
Offering Deploy_on_Container_using_ansible/com.example.maven-project:server to Project Build Discarder
Processing Deploy_on_Container_using_ansible/com.example.maven-project:webapp
Offering Deploy_on_Container_using_ansible/com.example.maven-project:webapp to Project Build Discarder
Processing Deploy_on_Container/com.example.maven-project:maven-project
Offering Deploy_on_Container/com.example.maven-project:maven-project to Project Build Discarder
Processing Deploy_on_Container/com.example.maven-project:server
Offering Deploy_on_Container/com.example.maven-project:server to Project Build Discarder
Processing Deploy_on_Container/com.example.maven-project:webapp
Offering Deploy_on_Container/com.example.maven-project:webapp to Project Build Discarder
Finished at Sun May 03 02:56:13 BRT 2020. 2ms
Started at Sun May 03 03:56:13 BRT 2020
Processing APITest
Offering APITest to Project Build Discarder
Processing Deploy_on_Container
Offering Deploy_on_Container to Project Build Discarder
Processing Deploy_on_Container_using_ansible
Offering Deploy_on_Container_using_ansible to Project Build Discarder
Processing Deploy_on_Container_using_ansible_playbooks
Offering Deploy_on_Container_using_ansible_playbooks to Project Build Discarder
Processing Deploy_on_Docker
Offering Deploy_on_Docker to Project Build Discarder
Processing Deploy_on_Kubernetes_CD
Offering Deploy_on_Kubernetes_CD to Project Build Discarder
Processing Deploy_on_Kubernetes_CI
Offering Deploy_on_Kubernetes_CI to Project Build Discarder
Processing Deploy_to_Tomcat_Server
Offering Deploy_to_Tomcat_Server to Project Build Discarder
Processing DeployBack
Offering DeployBack to Project Build Discarder
Processing DeployFront
Offering DeployFront to Project Build Discarder
Processing FunctionalTest
Offering FunctionalTest to Project Build Discarder
Processing HelloPipeline
Offering HelloPipeline to Project Build Discarder
Processing HelloWorld
Offering HelloWorld to Project Build Discarder
Processing My_First_Maven_Build
Offering My_First_Maven_Build to Project Build Discarder
Processing TestandoPipeline
Offering TestandoPipeline to Project Build Discarder
Processing teste
Offering teste to Project Build Discarder
Processing My_First_Maven_Build/com.example.maven-project:maven-project
Offering My_First_Maven_Build/com.example.maven-project:maven-project to Project Build Discarder
Processing My_First_Maven_Build/com.example.maven-project:server
Offering My_First_Maven_Build/com.example.maven-project:server to Project Build Discarder
Processing My_First_Maven_Build/com.example.maven-project:webapp
Offering My_First_Maven_Build/com.example.maven-project:webapp to Project Build Discarder
Processing Deploy_to_Tomcat_Server/com.example.maven-project:maven-project
Offering Deploy_to_Tomcat_Server/com.example.maven-project:maven-project to Project Build Discarder
Processing Deploy_to_Tomcat_Server/com.example.maven-project:server
Offering Deploy_to_Tomcat_Server/com.example.maven-project:server to Project Build Discarder
Processing Deploy_to_Tomcat_Server/com.example.maven-project:webapp
Offering Deploy_to_Tomcat_Server/com.example.maven-project:webapp to Project Build Discarder
Processing Deploy_on_Kubernetes_CI/com.example.maven-project:maven-project
Offering Deploy_on_Kubernetes_CI/com.example.maven-project:maven-project to Project Build Discarder
Processing Deploy_on_Kubernetes_CI/com.example.maven-project:server
Offering Deploy_on_Kubernetes_CI/com.example.maven-project:server to Project Build Discarder
Processing Deploy_on_Kubernetes_CI/com.example.maven-project:webapp
Offering Deploy_on_Kubernetes_CI/com.example.maven-project:webapp to Project Build Discarder
Processing Deploy_on_Docker/com.example.maven-project:maven-project
Offering Deploy_on_Docker/com.example.maven-project:maven-project to Project Build Discarder
Processing Deploy_on_Docker/com.example.maven-project:server
Offering Deploy_on_Docker/com.example.maven-project:server to Project Build Discarder
Processing Deploy_on_Docker/com.example.maven-project:webapp
Offering Deploy_on_Docker/com.example.maven-project:webapp to Project Build Discarder
Processing Deploy_on_Container_using_ansible_playbooks/com.example.maven-project:maven-project
Offering Deploy_on_Container_using_ansible_playbooks/com.example.maven-project:maven-project to Project Build Discarder
Processing Deploy_on_Container_using_ansible_playbooks/com.example.maven-project:server
Offering Deploy_on_Container_using_ansible_playbooks/com.example.maven-project:server to Project Build Discarder
Processing Deploy_on_Container_using_ansible_playbooks/com.example.maven-project:webapp
Offering Deploy_on_Container_using_ansible_playbooks/com.example.maven-project:webapp to Project Build Discarder
Processing Deploy_on_Container_using_ansible/com.example.maven-project:maven-project
Offering Deploy_on_Container_using_ansible/com.example.maven-project:maven-project to Project Build Discarder
Processing Deploy_on_Container_using_ansible/com.example.maven-project:server
Offering Deploy_on_Container_using_ansible/com.example.maven-project:server to Project Build Discarder
Processing Deploy_on_Container_using_ansible/com.example.maven-project:webapp
Offering Deploy_on_Container_using_ansible/com.example.maven-project:webapp to Project Build Discarder
Processing Deploy_on_Container/com.example.maven-project:maven-project
Offering Deploy_on_Container/com.example.maven-project:maven-project to Project Build Discarder
Processing Deploy_on_Container/com.example.maven-project:server
Offering Deploy_on_Container/com.example.maven-project:server to Project Build Discarder
Processing Deploy_on_Container/com.example.maven-project:webapp
Offering Deploy_on_Container/com.example.maven-project:webapp to Project Build Discarder
Finished at Sun May 03 03:56:13 BRT 2020. 2ms
Started at Sun May 03 04:56:13 BRT 2020
Processing APITest
Offering APITest to Project Build Discarder
Processing Deploy_on_Container
Offering Deploy_on_Container to Project Build Discarder
Processing Deploy_on_Container_using_ansible
Offering Deploy_on_Container_using_ansible to Project Build Discarder
Processing Deploy_on_Container_using_ansible_playbooks
Offering Deploy_on_Container_using_ansible_playbooks to Project Build Discarder
Processing Deploy_on_Docker
Offering Deploy_on_Docker to Project Build Discarder
Processing Deploy_on_Kubernetes_CD
Offering Deploy_on_Kubernetes_CD to Project Build Discarder
Processing Deploy_on_Kubernetes_CI
Offering Deploy_on_Kubernetes_CI to Project Build Discarder
Processing Deploy_to_Tomcat_Server
Offering Deploy_to_Tomcat_Server to Project Build Discarder
Processing DeployBack
Offering DeployBack to Project Build Discarder
Processing DeployFront
Offering DeployFront to Project Build Discarder
Processing FunctionalTest
Offering FunctionalTest to Project Build Discarder
Processing HelloPipeline
Offering HelloPipeline to Project Build Discarder
Processing HelloWorld
Offering HelloWorld to Project Build Discarder
Processing My_First_Maven_Build
Offering My_First_Maven_Build to Project Build Discarder
Processing TestandoPipeline
Offering TestandoPipeline to Project Build Discarder
Processing teste
Offering teste to Project Build Discarder
Processing My_First_Maven_Build/com.example.maven-project:maven-project
Offering My_First_Maven_Build/com.example.maven-project:maven-project to Project Build Discarder
Processing My_First_Maven_Build/com.example.maven-project:server
Offering My_First_Maven_Build/com.example.maven-project:server to Project Build Discarder
Processing My_First_Maven_Build/com.example.maven-project:webapp
Offering My_First_Maven_Build/com.example.maven-project:webapp to Project Build Discarder
Processing Deploy_to_Tomcat_Server/com.example.maven-project:maven-project
Offering Deploy_to_Tomcat_Server/com.example.maven-project:maven-project to Project Build Discarder
Processing Deploy_to_Tomcat_Server/com.example.maven-project:server
Offering Deploy_to_Tomcat_Server/com.example.maven-project:server to Project Build Discarder
Processing Deploy_to_Tomcat_Server/com.example.maven-project:webapp
Offering Deploy_to_Tomcat_Server/com.example.maven-project:webapp to Project Build Discarder
Processing Deploy_on_Kubernetes_CI/com.example.maven-project:maven-project
Offering Deploy_on_Kubernetes_CI/com.example.maven-project:maven-project to Project Build Discarder
Processing Deploy_on_Kubernetes_CI/com.example.maven-project:server
Offering Deploy_on_Kubernetes_CI/com.example.maven-project:server to Project Build Discarder
Processing Deploy_on_Kubernetes_CI/com.example.maven-project:webapp
Offering Deploy_on_Kubernetes_CI/com.example.maven-project:webapp to Project Build Discarder
Processing Deploy_on_Docker/com.example.maven-project:maven-project
Offering Deploy_on_Docker/com.example.maven-project:maven-project to Project Build Discarder
Processing Deploy_on_Docker/com.example.maven-project:server
Offering Deploy_on_Docker/com.example.maven-project:server to Project Build Discarder
Processing Deploy_on_Docker/com.example.maven-project:webapp
Offering Deploy_on_Docker/com.example.maven-project:webapp to Project Build Discarder
Processing Deploy_on_Container_using_ansible_playbooks/com.example.maven-project:maven-project
Offering Deploy_on_Container_using_ansible_playbooks/com.example.maven-project:maven-project to Project Build Discarder
Processing Deploy_on_Container_using_ansible_playbooks/com.example.maven-project:server
Offering Deploy_on_Container_using_ansible_playbooks/com.example.maven-project:server to Project Build Discarder
Processing Deploy_on_Container_using_ansible_playbooks/com.example.maven-project:webapp
Offering Deploy_on_Container_using_ansible_playbooks/com.example.maven-project:webapp to Project Build Discarder
Processing Deploy_on_Container_using_ansible/com.example.maven-project:maven-project
Offering Deploy_on_Container_using_ansible/com.example.maven-project:maven-project to Project Build Discarder
Processing Deploy_on_Container_using_ansible/com.example.maven-project:server
Offering Deploy_on_Container_using_ansible/com.example.maven-project:server to Project Build Discarder
Processing Deploy_on_Container_using_ansible/com.example.maven-project:webapp
Offering Deploy_on_Container_using_ansible/com.example.maven-project:webapp to Project Build Discarder
Processing Deploy_on_Container/com.example.maven-project:maven-project
Offering Deploy_on_Container/com.example.maven-project:maven-project to Project Build Discarder
Processing Deploy_on_Container/com.example.maven-project:server
Offering Deploy_on_Container/com.example.maven-project:server to Project Build Discarder
Processing Deploy_on_Container/com.example.maven-project:webapp
Offering Deploy_on_Container/com.example.maven-project:webapp to Project Build Discarder
Finished at Sun May 03 04:56:13 BRT 2020. 2ms
Started at Sun May 03 05:56:13 BRT 2020
Processing APITest
Offering APITest to Project Build Discarder
Processing Deploy_on_Container
Offering Deploy_on_Container to Project Build Discarder
Processing Deploy_on_Container_using_ansible
Offering Deploy_on_Container_using_ansible to Project Build Discarder
Processing Deploy_on_Container_using_ansible_playbooks
Offering Deploy_on_Container_using_ansible_playbooks to Project Build Discarder
Processing Deploy_on_Docker
Offering Deploy_on_Docker to Project Build Discarder
Processing Deploy_on_Kubernetes_CD
Offering Deploy_on_Kubernetes_CD to Project Build Discarder
Processing Deploy_on_Kubernetes_CI
Offering Deploy_on_Kubernetes_CI to Project Build Discarder
Processing Deploy_to_Tomcat_Server
Offering Deploy_to_Tomcat_Server to Project Build Discarder
Processing DeployBack
Offering DeployBack to Project Build Discarder
Processing DeployFront
Offering DeployFront to Project Build Discarder
Processing FunctionalTest
Offering FunctionalTest to Project Build Discarder
Processing HelloPipeline
Offering HelloPipeline to Project Build Discarder
Processing HelloWorld
Offering HelloWorld to Project Build Discarder
Processing My_First_Maven_Build
Offering My_First_Maven_Build to Project Build Discarder
Processing TestandoPipeline
Offering TestandoPipeline to Project Build Discarder
Processing teste
Offering teste to Project Build Discarder
Processing My_First_Maven_Build/com.example.maven-project:maven-project
Offering My_First_Maven_Build/com.example.maven-project:maven-project to Project Build Discarder
Processing My_First_Maven_Build/com.example.maven-project:server
Offering My_First_Maven_Build/com.example.maven-project:server to Project Build Discarder
Processing My_First_Maven_Build/com.example.maven-project:webapp
Offering My_First_Maven_Build/com.example.maven-project:webapp to Project Build Discarder
Processing Deploy_to_Tomcat_Server/com.example.maven-project:maven-project
Offering Deploy_to_Tomcat_Server/com.example.maven-project:maven-project to Project Build Discarder
Processing Deploy_to_Tomcat_Server/com.example.maven-project:server
Offering Deploy_to_Tomcat_Server/com.example.maven-project:server to Project Build Discarder
Processing Deploy_to_Tomcat_Server/com.example.maven-project:webapp
Offering Deploy_to_Tomcat_Server/com.example.maven-project:webapp to Project Build Discarder
Processing Deploy_on_Kubernetes_CI/com.example.maven-project:maven-project
Offering Deploy_on_Kubernetes_CI/com.example.maven-project:maven-project to Project Build Discarder
Processing Deploy_on_Kubernetes_CI/com.example.maven-project:server
Offering Deploy_on_Kubernetes_CI/com.example.maven-project:server to Project Build Discarder
Processing Deploy_on_Kubernetes_CI/com.example.maven-project:webapp
Offering Deploy_on_Kubernetes_CI/com.example.maven-project:webapp to Project Build Discarder
Processing Deploy_on_Docker/com.example.maven-project:maven-project
Offering Deploy_on_Docker/com.example.maven-project:maven-project to Project Build Discarder
Processing Deploy_on_Docker/com.example.maven-project:server
Offering Deploy_on_Docker/com.example.maven-project:server to Project Build Discarder
Processing Deploy_on_Docker/com.example.maven-project:webapp
Offering Deploy_on_Docker/com.example.maven-project:webapp to Project Build Discarder
Processing Deploy_on_Container_using_ansible_playbooks/com.example.maven-project:maven-project
Offering Deploy_on_Container_using_ansible_playbooks/com.example.maven-project:maven-project to Project Build Discarder
Processing Deploy_on_Container_using_ansible_playbooks/com.example.maven-project:server
Offering Deploy_on_Container_using_ansible_playbooks/com.example.maven-project:server to Project Build Discarder
Processing Deploy_on_Container_using_ansible_playbooks/com.example.maven-project:webapp
Offering Deploy_on_Container_using_ansible_playbooks/com.example.maven-project:webapp to Project Build Discarder
Processing Deploy_on_Container_using_ansible/com.example.maven-project:maven-project
Offering Deploy_on_Container_using_ansible/com.example.maven-project:maven-project to Project Build Discarder
Processing Deploy_on_Container_using_ansible/com.example.maven-project:server
Offering Deploy_on_Container_using_ansible/com.example.maven-project:server to Project Build Discarder
Processing Deploy_on_Container_using_ansible/com.example.maven-project:webapp
Offering Deploy_on_Container_using_ansible/com.example.maven-project:webapp to Project Build Discarder
Processing Deploy_on_Container/com.example.maven-project:maven-project
Offering Deploy_on_Container/com.example.maven-project:maven-project to Project Build Discarder
Processing Deploy_on_Container/com.example.maven-project:server
Offering Deploy_on_Container/com.example.maven-project:server to Project Build Discarder
Processing Deploy_on_Container/com.example.maven-project:webapp
Offering Deploy_on_Container/com.example.maven-project:webapp to Project Build Discarder
Finished at Sun May 03 05:56:13 BRT 2020. 1ms
Started at Sun May 03 06:56:13 BRT 2020
Processing APITest
Offering APITest to Project Build Discarder
Processing Deploy_on_Container
Offering Deploy_on_Container to Project Build Discarder
Processing Deploy_on_Container_using_ansible
Offering Deploy_on_Container_using_ansible to Project Build Discarder
Processing Deploy_on_Container_using_ansible_playbooks
Offering Deploy_on_Container_using_ansible_playbooks to Project Build Discarder
Processing Deploy_on_Docker
Offering Deploy_on_Docker to Project Build Discarder
Processing Deploy_on_Kubernetes_CD
Offering Deploy_on_Kubernetes_CD to Project Build Discarder
Processing Deploy_on_Kubernetes_CI
Offering Deploy_on_Kubernetes_CI to Project Build Discarder
Processing Deploy_to_Tomcat_Server
Offering Deploy_to_Tomcat_Server to Project Build Discarder
Processing DeployBack
Offering DeployBack to Project Build Discarder
Processing DeployFront
Offering DeployFront to Project Build Discarder
Processing FunctionalTest
Offering FunctionalTest to Project Build Discarder
Processing HelloPipeline
Offering HelloPipeline to Project Build Discarder
Processing HelloWorld
Offering HelloWorld to Project Build Discarder
Processing My_First_Maven_Build
Offering My_First_Maven_Build to Project Build Discarder
Processing TestandoPipeline
Offering TestandoPipeline to Project Build Discarder
Processing teste
Offering teste to Project Build Discarder
Processing My_First_Maven_Build/com.example.maven-project:maven-project
Offering My_First_Maven_Build/com.example.maven-project:maven-project to Project Build Discarder
Processing My_First_Maven_Build/com.example.maven-project:server
Offering My_First_Maven_Build/com.example.maven-project:server to Project Build Discarder
Processing My_First_Maven_Build/com.example.maven-project:webapp
Offering My_First_Maven_Build/com.example.maven-project:webapp to Project Build Discarder
Processing Deploy_to_Tomcat_Server/com.example.maven-project:maven-project
Offering Deploy_to_Tomcat_Server/com.example.maven-project:maven-project to Project Build Discarder
Processing Deploy_to_Tomcat_Server/com.example.maven-project:server
Offering Deploy_to_Tomcat_Server/com.example.maven-project:server to Project Build Discarder
Processing Deploy_to_Tomcat_Server/com.example.maven-project:webapp
Offering Deploy_to_Tomcat_Server/com.example.maven-project:webapp to Project Build Discarder
Processing Deploy_on_Kubernetes_CI/com.example.maven-project:maven-project
Offering Deploy_on_Kubernetes_CI/com.example.maven-project:maven-project to Project Build Discarder
Processing Deploy_on_Kubernetes_CI/com.example.maven-project:server
Offering Deploy_on_Kubernetes_CI/com.example.maven-project:server to Project Build Discarder
Processing Deploy_on_Kubernetes_CI/com.example.maven-project:webapp
Offering Deploy_on_Kubernetes_CI/com.example.maven-project:webapp to Project Build Discarder
Processing Deploy_on_Docker/com.example.maven-project:maven-project
Offering Deploy_on_Docker/com.example.maven-project:maven-project to Project Build Discarder
Processing Deploy_on_Docker/com.example.maven-project:server
Offering Deploy_on_Docker/com.example.maven-project:server to Project Build Discarder
Processing Deploy_on_Docker/com.example.maven-project:webapp
Offering Deploy_on_Docker/com.example.maven-project:webapp to Project Build Discarder
Processing Deploy_on_Container_using_ansible_playbooks/com.example.maven-project:maven-project
Offering Deploy_on_Container_using_ansible_playbooks/com.example.maven-project:maven-project to Project Build Discarder
Processing Deploy_on_Container_using_ansible_playbooks/com.example.maven-project:server
Offering Deploy_on_Container_using_ansible_playbooks/com.example.maven-project:server to Project Build Discarder
Processing Deploy_on_Container_using_ansible_playbooks/com.example.maven-project:webapp
Offering Deploy_on_Container_using_ansible_playbooks/com.example.maven-project:webapp to Project Build Discarder
Processing Deploy_on_Container_using_ansible/com.example.maven-project:maven-project
Offering Deploy_on_Container_using_ansible/com.example.maven-project:maven-project to Project Build Discarder
Processing Deploy_on_Container_using_ansible/com.example.maven-project:server
Offering Deploy_on_Container_using_ansible/com.example.maven-project:server to Project Build Discarder
Processing Deploy_on_Container_using_ansible/com.example.maven-project:webapp
Offering Deploy_on_Container_using_ansible/com.example.maven-project:webapp to Project Build Discarder
Processing Deploy_on_Container/com.example.maven-project:maven-project
Offering Deploy_on_Container/com.example.maven-project:maven-project to Project Build Discarder
Processing Deploy_on_Container/com.example.maven-project:server
Offering Deploy_on_Container/com.example.maven-project:server to Project Build Discarder
Processing Deploy_on_Container/com.example.maven-project:webapp
Offering Deploy_on_Container/com.example.maven-project:webapp to Project Build Discarder
Finished at Sun May 03 06:56:13 BRT 2020. 2ms
Started at Sun May 03 07:56:13 BRT 2020
Processing APITest
Offering APITest to Project Build Discarder
Processing Backup
Offering Backup to Project Build Discarder
Processing Deploy_on_Container
Offering Deploy_on_Container to Project Build Discarder
Processing Deploy_on_Container_using_ansible
Offering Deploy_on_Container_using_ansible to Project Build Discarder
Processing Deploy_on_Container_using_ansible_playbooks
Offering Deploy_on_Container_using_ansible_playbooks to Project Build Discarder
Processing Deploy_on_Docker
Offering Deploy_on_Docker to Project Build Discarder
Processing Deploy_on_Kubernetes_CD
Offering Deploy_on_Kubernetes_CD to Project Build Discarder
Processing Deploy_on_Kubernetes_CI
Offering Deploy_on_Kubernetes_CI to Project Build Discarder
Processing Deploy_to_Tomcat_Server
Offering Deploy_to_Tomcat_Server to Project Build Discarder
Processing DeployBack
Offering DeployBack to Project Build Discarder
Processing DeployFront
Offering DeployFront to Project Build Discarder
Processing FunctionalTest
Offering FunctionalTest to Project Build Discarder
Processing HelloPipeline
Offering HelloPipeline to Project Build Discarder
Processing HelloWorld
Offering HelloWorld to Project Build Discarder
Processing My_First_Maven_Build
Offering My_First_Maven_Build to Project Build Discarder
Processing TestandoPipeline
Offering TestandoPipeline to Project Build Discarder
Processing teste
Offering teste to Project Build Discarder
Processing My_First_Maven_Build/com.example.maven-project:maven-project
Offering My_First_Maven_Build/com.example.maven-project:maven-project to Project Build Discarder
Processing My_First_Maven_Build/com.example.maven-project:server
Offering My_First_Maven_Build/com.example.maven-project:server to Project Build Discarder
Processing My_First_Maven_Build/com.example.maven-project:webapp
Offering My_First_Maven_Build/com.example.maven-project:webapp to Project Build Discarder
Processing Deploy_to_Tomcat_Server/com.example.maven-project:maven-project
Offering Deploy_to_Tomcat_Server/com.example.maven-project:maven-project to Project Build Discarder
Processing Deploy_to_Tomcat_Server/com.example.maven-project:server
Offering Deploy_to_Tomcat_Server/com.example.maven-project:server to Project Build Discarder
Processing Deploy_to_Tomcat_Server/com.example.maven-project:webapp
Offering Deploy_to_Tomcat_Server/com.example.maven-project:webapp to Project Build Discarder
Processing Deploy_on_Kubernetes_CI/com.example.maven-project:maven-project
Offering Deploy_on_Kubernetes_CI/com.example.maven-project:maven-project to Project Build Discarder
Processing Deploy_on_Kubernetes_CI/com.example.maven-project:server
Offering Deploy_on_Kubernetes_CI/com.example.maven-project:server to Project Build Discarder
Processing Deploy_on_Kubernetes_CI/com.example.maven-project:webapp
Offering Deploy_on_Kubernetes_CI/com.example.maven-project:webapp to Project Build Discarder
Processing Deploy_on_Docker/com.example.maven-project:maven-project
Offering Deploy_on_Docker/com.example.maven-project:maven-project to Project Build Discarder
Processing Deploy_on_Docker/com.example.maven-project:server
Offering Deploy_on_Docker/com.example.maven-project:server to Project Build Discarder
Processing Deploy_on_Docker/com.example.maven-project:webapp
Offering Deploy_on_Docker/com.example.maven-project:webapp to Project Build Discarder
Processing Deploy_on_Container_using_ansible_playbooks/com.example.maven-project:maven-project
Offering Deploy_on_Container_using_ansible_playbooks/com.example.maven-project:maven-project to Project Build Discarder
Processing Deploy_on_Container_using_ansible_playbooks/com.example.maven-project:server
Offering Deploy_on_Container_using_ansible_playbooks/com.example.maven-project:server to Project Build Discarder
Processing Deploy_on_Container_using_ansible_playbooks/com.example.maven-project:webapp
Offering Deploy_on_Container_using_ansible_playbooks/com.example.maven-project:webapp to Project Build Discarder
Processing Deploy_on_Container_using_ansible/com.example.maven-project:maven-project
Offering Deploy_on_Container_using_ansible/com.example.maven-project:maven-project to Project Build Discarder
Processing Deploy_on_Container_using_ansible/com.example.maven-project:server
Offering Deploy_on_Container_using_ansible/com.example.maven-project:server to Project Build Discarder
Processing Deploy_on_Container_using_ansible/com.example.maven-project:webapp
Offering Deploy_on_Container_using_ansible/com.example.maven-project:webapp to Project Build Discarder
Processing Deploy_on_Container/com.example.maven-project:maven-project
Offering Deploy_on_Container/com.example.maven-project:maven-project to Project Build Discarder
Processing Deploy_on_Container/com.example.maven-project:server
Offering Deploy_on_Container/com.example.maven-project:server to Project Build Discarder
Processing Deploy_on_Container/com.example.maven-project:webapp
Offering Deploy_on_Container/com.example.maven-project:webapp to Project Build Discarder
Finished at Sun May 03 07:56:13 BRT 2020. 1ms
Started at Sun May 03 08:56:13 BRT 2020
Processing APITest
Offering APITest to Project Build Discarder
Processing Backup
Offering Backup to Project Build Discarder
Processing Deploy_on_Container
Offering Deploy_on_Container to Project Build Discarder
Processing Deploy_on_Container_using_ansible
Offering Deploy_on_Container_using_ansible to Project Build Discarder
Processing Deploy_on_Container_using_ansible_playbooks
Offering Deploy_on_Container_using_ansible_playbooks to Project Build Discarder
Processing Deploy_on_Docker
Offering Deploy_on_Docker to Project Build Discarder
Processing Deploy_on_Kubernetes_CD
Offering Deploy_on_Kubernetes_CD to Project Build Discarder
Processing Deploy_on_Kubernetes_CI
Offering Deploy_on_Kubernetes_CI to Project Build Discarder
Processing Deploy_to_Tomcat_Server
Offering Deploy_to_Tomcat_Server to Project Build Discarder
Processing DeployBack
Offering DeployBack to Project Build Discarder
Processing DeployFront
Offering DeployFront to Project Build Discarder
Processing FunctionalTest
Offering FunctionalTest to Project Build Discarder
Processing HelloPipeline
Offering HelloPipeline to Project Build Discarder
Processing HelloWorld
Offering HelloWorld to Project Build Discarder
Processing My_First_Maven_Build
Offering My_First_Maven_Build to Project Build Discarder
Processing TestandoPipeline
Offering TestandoPipeline to Project Build Discarder
Processing teste
Offering teste to Project Build Discarder
Processing My_First_Maven_Build/com.example.maven-project:maven-project
Offering My_First_Maven_Build/com.example.maven-project:maven-project to Project Build Discarder
Processing My_First_Maven_Build/com.example.maven-project:server
Offering My_First_Maven_Build/com.example.maven-project:server to Project Build Discarder
Processing My_First_Maven_Build/com.example.maven-project:webapp
Offering My_First_Maven_Build/com.example.maven-project:webapp to Project Build Discarder
Processing Deploy_to_Tomcat_Server/com.example.maven-project:maven-project
Offering Deploy_to_Tomcat_Server/com.example.maven-project:maven-project to Project Build Discarder
Processing Deploy_to_Tomcat_Server/com.example.maven-project:server
Offering Deploy_to_Tomcat_Server/com.example.maven-project:server to Project Build Discarder
Processing Deploy_to_Tomcat_Server/com.example.maven-project:webapp
Offering Deploy_to_Tomcat_Server/com.example.maven-project:webapp to Project Build Discarder
Processing Deploy_on_Kubernetes_CI/com.example.maven-project:maven-project
Offering Deploy_on_Kubernetes_CI/com.example.maven-project:maven-project to Project Build Discarder
Processing Deploy_on_Kubernetes_CI/com.example.maven-project:server
Offering Deploy_on_Kubernetes_CI/com.example.maven-project:server to Project Build Discarder
Processing Deploy_on_Kubernetes_CI/com.example.maven-project:webapp
Offering Deploy_on_Kubernetes_CI/com.example.maven-project:webapp to Project Build Discarder
Processing Deploy_on_Docker/com.example.maven-project:maven-project
Offering Deploy_on_Docker/com.example.maven-project:maven-project to Project Build Discarder
Processing Deploy_on_Docker/com.example.maven-project:server
Offering Deploy_on_Docker/com.example.maven-project:server to Project Build Discarder
Processing Deploy_on_Docker/com.example.maven-project:webapp
Offering Deploy_on_Docker/com.example.maven-project:webapp to Project Build Discarder
Processing Deploy_on_Container_using_ansible_playbooks/com.example.maven-project:maven-project
Offering Deploy_on_Container_using_ansible_playbooks/com.example.maven-project:maven-project to Project Build Discarder
Processing Deploy_on_Container_using_ansible_playbooks/com.example.maven-project:server
Offering Deploy_on_Container_using_ansible_playbooks/com.example.maven-project:server to Project Build Discarder
Processing Deploy_on_Container_using_ansible_playbooks/com.example.maven-project:webapp
Offering Deploy_on_Container_using_ansible_playbooks/com.example.maven-project:webapp to Project Build Discarder
Processing Deploy_on_Container_using_ansible/com.example.maven-project:maven-project
Offering Deploy_on_Container_using_ansible/com.example.maven-project:maven-project to Project Build Discarder
Processing Deploy_on_Container_using_ansible/com.example.maven-project:server
Offering Deploy_on_Container_using_ansible/com.example.maven-project:server to Project Build Discarder
Processing Deploy_on_Container_using_ansible/com.example.maven-project:webapp
Offering Deploy_on_Container_using_ansible/com.example.maven-project:webapp to Project Build Discarder
Processing Deploy_on_Container/com.example.maven-project:maven-project
Offering Deploy_on_Container/com.example.maven-project:maven-project to Project Build Discarder
Processing Deploy_on_Container/com.example.maven-project:server
Offering Deploy_on_Container/com.example.maven-project:server to Project Build Discarder
Processing Deploy_on_Container/com.example.maven-project:webapp
Offering Deploy_on_Container/com.example.maven-project:webapp to Project Build Discarder
Finished at Sun May 03 08:56:13 BRT 2020. 9ms
