Started at Sat May 02 18:29:08 BRT 2020
Finished at Sat May 02 18:29:08 BRT 2020. 1ms
Started at Sat May 02 18:30:08 BRT 2020
Finished at Sat May 02 18:30:08 BRT 2020. 1ms
Started at Sat May 02 18:31:08 BRT 2020
Finished at Sat May 02 18:31:08 BRT 2020. 1ms
Started at Sat May 02 18:32:08 BRT 2020
Finished at Sat May 02 18:32:08 BRT 2020. 1ms
Started at Sat May 02 18:33:08 BRT 2020
Finished at Sat May 02 18:33:08 BRT 2020. 1ms
Started at Sat May 02 18:34:08 BRT 2020
Finished at Sat May 02 18:34:08 BRT 2020. 1ms
Started at Sat May 02 18:35:08 BRT 2020
Finished at Sat May 02 18:35:08 BRT 2020. 1ms
Started at Sat May 02 18:36:08 BRT 2020
Finished at Sat May 02 18:36:08 BRT 2020. 1ms
Started at Sat May 02 18:37:08 BRT 2020
Finished at Sat May 02 18:37:08 BRT 2020. 1ms
Started at Sat May 02 18:38:08 BRT 2020
Finished at Sat May 02 18:38:08 BRT 2020. 1ms
Started at Sat May 02 18:39:08 BRT 2020
Finished at Sat May 02 18:39:08 BRT 2020. 1ms
Started at Sat May 02 18:40:08 BRT 2020
Finished at Sat May 02 18:40:08 BRT 2020. 1ms
Started at Sat May 02 18:41:08 BRT 2020
Finished at Sat May 02 18:41:08 BRT 2020. 1ms
Started at Sat May 02 18:42:08 BRT 2020
Finished at Sat May 02 18:42:08 BRT 2020. 1ms
Started at Sat May 02 18:43:08 BRT 2020
Finished at Sat May 02 18:43:08 BRT 2020. 1ms
Started at Sat May 02 18:44:08 BRT 2020
Finished at Sat May 02 18:44:08 BRT 2020. 1ms
Started at Sat May 02 18:45:08 BRT 2020
Finished at Sat May 02 18:45:08 BRT 2020. 0ms
Started at Sat May 02 18:46:08 BRT 2020
Finished at Sat May 02 18:46:08 BRT 2020. 0ms
Started at Sat May 02 18:47:08 BRT 2020
Finished at Sat May 02 18:47:08 BRT 2020. 1ms
Started at Sat May 02 18:48:08 BRT 2020
Finished at Sat May 02 18:48:08 BRT 2020. 1ms
Started at Sat May 02 18:49:08 BRT 2020
Finished at Sat May 02 18:49:08 BRT 2020. 1ms
Started at Sat May 02 18:50:08 BRT 2020
Finished at Sat May 02 18:50:08 BRT 2020. 0ms
Started at Sat May 02 18:51:08 BRT 2020
Finished at Sat May 02 18:51:08 BRT 2020. 1ms
Started at Sat May 02 18:52:08 BRT 2020
Finished at Sat May 02 18:52:08 BRT 2020. 1ms
Started at Sat May 02 18:53:08 BRT 2020
Finished at Sat May 02 18:53:08 BRT 2020. 1ms
Started at Sat May 02 18:54:08 BRT 2020
Finished at Sat May 02 18:54:08 BRT 2020. 0ms
Started at Sat May 02 18:55:08 BRT 2020
Finished at Sat May 02 18:55:08 BRT 2020. 0ms
Started at Sat May 02 18:56:08 BRT 2020
Finished at Sat May 02 18:56:08 BRT 2020. 0ms
Started at Sat May 02 18:57:08 BRT 2020
Finished at Sat May 02 18:57:08 BRT 2020. 0ms
Started at Sat May 02 18:58:08 BRT 2020
Finished at Sat May 02 18:58:08 BRT 2020. 0ms
Started at Sat May 02 18:59:08 BRT 2020
Finished at Sat May 02 18:59:08 BRT 2020. 0ms
Started at Sat May 02 19:00:08 BRT 2020
Finished at Sat May 02 19:00:08 BRT 2020. 0ms
Started at Sat May 02 19:01:08 BRT 2020
Finished at Sat May 02 19:01:08 BRT 2020. 1ms
Started at Sat May 02 19:02:08 BRT 2020
Finished at Sat May 02 19:02:08 BRT 2020. 0ms
Started at Sat May 02 19:03:08 BRT 2020
Finished at Sat May 02 19:03:08 BRT 2020. 0ms
Started at Sat May 02 19:04:08 BRT 2020
Finished at Sat May 02 19:04:08 BRT 2020. 1ms
Started at Sat May 02 19:05:08 BRT 2020
Finished at Sat May 02 19:05:08 BRT 2020. 0ms
Started at Sat May 02 19:06:08 BRT 2020
Finished at Sat May 02 19:06:08 BRT 2020. 0ms
Started at Sat May 02 19:07:08 BRT 2020
Finished at Sat May 02 19:07:08 BRT 2020. 1ms
Started at Sat May 02 19:08:08 BRT 2020
Finished at Sat May 02 19:08:08 BRT 2020. 1ms
Started at Sat May 02 19:09:08 BRT 2020
Finished at Sat May 02 19:09:08 BRT 2020. 0ms
Started at Sat May 02 19:10:08 BRT 2020
Finished at Sat May 02 19:10:08 BRT 2020. 0ms
Started at Sat May 02 19:11:08 BRT 2020
Finished at Sat May 02 19:11:08 BRT 2020. 0ms
Started at Sat May 02 19:12:08 BRT 2020
Finished at Sat May 02 19:12:08 BRT 2020. 1ms
Started at Sat May 02 19:13:08 BRT 2020
Finished at Sat May 02 19:13:08 BRT 2020. 1ms
Started at Sat May 02 19:14:08 BRT 2020
Finished at Sat May 02 19:14:08 BRT 2020. 0ms
Started at Sat May 02 19:15:08 BRT 2020
Finished at Sat May 02 19:15:08 BRT 2020. 1ms
Started at Sat May 02 19:16:08 BRT 2020
Finished at Sat May 02 19:16:08 BRT 2020. 0ms
Started at Sat May 02 19:17:08 BRT 2020
Finished at Sat May 02 19:17:08 BRT 2020. 0ms
Started at Sat May 02 19:18:08 BRT 2020
Finished at Sat May 02 19:18:08 BRT 2020. 0ms
Started at Sat May 02 19:19:08 BRT 2020
Finished at Sat May 02 19:19:08 BRT 2020. 1ms
Started at Sat May 02 19:20:08 BRT 2020
Finished at Sat May 02 19:20:08 BRT 2020. 0ms
Started at Sat May 02 19:21:08 BRT 2020
Finished at Sat May 02 19:21:08 BRT 2020. 0ms
Started at Sat May 02 19:22:08 BRT 2020
Finished at Sat May 02 19:22:08 BRT 2020. 1ms
Started at Sat May 02 19:23:08 BRT 2020
Finished at Sat May 02 19:23:08 BRT 2020. 0ms
Started at Sat May 02 19:24:08 BRT 2020
Finished at Sat May 02 19:24:08 BRT 2020. 1ms
Started at Sat May 02 19:25:08 BRT 2020
Finished at Sat May 02 19:25:08 BRT 2020. 0ms
Started at Sat May 02 19:26:08 BRT 2020
Finished at Sat May 02 19:26:08 BRT 2020. 0ms
Started at Sat May 02 19:27:08 BRT 2020
Finished at Sat May 02 19:27:08 BRT 2020. 1ms
Started at Sat May 02 19:28:08 BRT 2020
Finished at Sat May 02 19:28:08 BRT 2020. 0ms
Started at Sat May 02 19:29:08 BRT 2020
Finished at Sat May 02 19:29:08 BRT 2020. 0ms
Started at Sat May 02 19:30:08 BRT 2020
Finished at Sat May 02 19:30:08 BRT 2020. 0ms
Started at Sat May 02 19:31:08 BRT 2020
Finished at Sat May 02 19:31:08 BRT 2020. 1ms
Started at Sat May 02 19:32:08 BRT 2020
Finished at Sat May 02 19:32:08 BRT 2020. 0ms
Started at Sat May 02 19:33:08 BRT 2020
Finished at Sat May 02 19:33:08 BRT 2020. 0ms
Started at Sat May 02 19:34:08 BRT 2020
Finished at Sat May 02 19:34:08 BRT 2020. 0ms
Started at Sat May 02 19:35:08 BRT 2020
Finished at Sat May 02 19:35:08 BRT 2020. 0ms
Started at Sat May 02 19:36:08 BRT 2020
Finished at Sat May 02 19:36:08 BRT 2020. 1ms
Started at Sat May 02 19:37:08 BRT 2020
Finished at Sat May 02 19:37:08 BRT 2020. 1ms
Started at Sat May 02 19:38:08 BRT 2020
Finished at Sat May 02 19:38:08 BRT 2020. 0ms
Started at Sat May 02 19:39:08 BRT 2020
Finished at Sat May 02 19:39:08 BRT 2020. 0ms
Started at Sat May 02 19:40:08 BRT 2020
Finished at Sat May 02 19:40:08 BRT 2020. 0ms
Started at Sat May 02 19:41:08 BRT 2020
Finished at Sat May 02 19:41:08 BRT 2020. 1ms
Started at Sat May 02 19:42:08 BRT 2020
Finished at Sat May 02 19:42:08 BRT 2020. 0ms
Started at Sat May 02 19:43:08 BRT 2020
Finished at Sat May 02 19:43:08 BRT 2020. 0ms
Started at Sat May 02 19:44:08 BRT 2020
Finished at Sat May 02 19:44:08 BRT 2020. 0ms
Started at Sat May 02 19:45:08 BRT 2020
Finished at Sat May 02 19:45:08 BRT 2020. 0ms
Started at Sat May 02 19:46:08 BRT 2020
Finished at Sat May 02 19:46:08 BRT 2020. 0ms
Started at Sat May 02 19:47:08 BRT 2020
Finished at Sat May 02 19:47:08 BRT 2020. 0ms
Started at Sat May 02 19:48:08 BRT 2020
Finished at Sat May 02 19:48:08 BRT 2020. 0ms
Started at Sat May 02 19:49:08 BRT 2020
Finished at Sat May 02 19:49:08 BRT 2020. 0ms
Started at Sat May 02 19:50:08 BRT 2020
Finished at Sat May 02 19:50:08 BRT 2020. 0ms
Started at Sat May 02 19:51:08 BRT 2020
Finished at Sat May 02 19:51:08 BRT 2020. 0ms
Started at Sat May 02 19:52:08 BRT 2020
Finished at Sat May 02 19:52:08 BRT 2020. 0ms
Started at Sat May 02 19:53:08 BRT 2020
Finished at Sat May 02 19:53:08 BRT 2020. 0ms
Started at Sat May 02 19:54:08 BRT 2020
Finished at Sat May 02 19:54:08 BRT 2020. 1ms
Started at Sat May 02 19:55:08 BRT 2020
Finished at Sat May 02 19:55:08 BRT 2020. 0ms
Started at Sat May 02 19:56:08 BRT 2020
Finished at Sat May 02 19:56:08 BRT 2020. 0ms
Started at Sat May 02 19:57:08 BRT 2020
Finished at Sat May 02 19:57:08 BRT 2020. 0ms
Started at Sat May 02 19:58:08 BRT 2020
Finished at Sat May 02 19:58:08 BRT 2020. 1ms
Started at Sat May 02 19:59:08 BRT 2020
Finished at Sat May 02 19:59:08 BRT 2020. 0ms
Started at Sat May 02 20:00:08 BRT 2020
Finished at Sat May 02 20:00:08 BRT 2020. 0ms
Started at Sat May 02 20:01:08 BRT 2020
Finished at Sat May 02 20:01:08 BRT 2020. 1ms
Started at Sat May 02 20:02:08 BRT 2020
Finished at Sat May 02 20:02:08 BRT 2020. 0ms
Started at Sat May 02 20:03:08 BRT 2020
Finished at Sat May 02 20:03:08 BRT 2020. 0ms
Started at Sat May 02 20:04:08 BRT 2020
Finished at Sat May 02 20:04:08 BRT 2020. 0ms
Started at Sat May 02 20:05:08 BRT 2020
Finished at Sat May 02 20:05:08 BRT 2020. 0ms
Started at Sat May 02 20:06:08 BRT 2020
Finished at Sat May 02 20:06:08 BRT 2020. 0ms
Started at Sat May 02 20:07:08 BRT 2020
Finished at Sat May 02 20:07:08 BRT 2020. 0ms
Started at Sat May 02 20:08:08 BRT 2020
Finished at Sat May 02 20:08:08 BRT 2020. 0ms
Started at Sat May 02 20:09:08 BRT 2020
Finished at Sat May 02 20:09:08 BRT 2020. 0ms
Started at Sat May 02 20:10:08 BRT 2020
Finished at Sat May 02 20:10:08 BRT 2020. 1ms
Started at Sat May 02 20:11:08 BRT 2020
Finished at Sat May 02 20:11:08 BRT 2020. 0ms
Started at Sat May 02 20:12:08 BRT 2020
Finished at Sat May 02 20:12:08 BRT 2020. 0ms
Started at Sat May 02 20:13:08 BRT 2020
Finished at Sat May 02 20:13:08 BRT 2020. 0ms
Started at Sat May 02 20:14:08 BRT 2020
Finished at Sat May 02 20:14:08 BRT 2020. 0ms
Started at Sat May 02 20:15:08 BRT 2020
Finished at Sat May 02 20:15:08 BRT 2020. 0ms
Started at Sat May 02 20:16:08 BRT 2020
Finished at Sat May 02 20:16:08 BRT 2020. 0ms
Started at Sat May 02 20:17:08 BRT 2020
Finished at Sat May 02 20:17:08 BRT 2020. 0ms
Started at Sat May 02 20:18:08 BRT 2020
Finished at Sat May 02 20:18:08 BRT 2020. 0ms
Started at Sat May 02 20:19:08 BRT 2020
Finished at Sat May 02 20:19:08 BRT 2020. 0ms
Started at Sat May 02 20:20:08 BRT 2020
Finished at Sat May 02 20:20:08 BRT 2020. 0ms
Started at Sat May 02 20:21:08 BRT 2020
Finished at Sat May 02 20:21:08 BRT 2020. 0ms
Started at Sat May 02 20:22:08 BRT 2020
Finished at Sat May 02 20:22:08 BRT 2020. 0ms
Started at Sat May 02 20:23:08 BRT 2020
Finished at Sat May 02 20:23:08 BRT 2020. 0ms
Started at Sat May 02 20:24:08 BRT 2020
Finished at Sat May 02 20:24:08 BRT 2020. 0ms
Started at Sat May 02 20:25:08 BRT 2020
Finished at Sat May 02 20:25:08 BRT 2020. 0ms
Started at Sat May 02 20:26:08 BRT 2020
Finished at Sat May 02 20:26:08 BRT 2020. 0ms
Started at Sat May 02 20:27:08 BRT 2020
Finished at Sat May 02 20:27:08 BRT 2020. 0ms
Started at Sat May 02 20:28:08 BRT 2020
Finished at Sat May 02 20:28:08 BRT 2020. 0ms
Started at Sat May 02 20:29:08 BRT 2020
Finished at Sat May 02 20:29:08 BRT 2020. 0ms
Started at Sat May 02 20:30:08 BRT 2020
Finished at Sat May 02 20:30:08 BRT 2020. 0ms
Started at Sat May 02 20:31:08 BRT 2020
Finished at Sat May 02 20:31:08 BRT 2020. 0ms
Started at Sat May 02 20:32:08 BRT 2020
Finished at Sat May 02 20:32:08 BRT 2020. 0ms
Started at Sat May 02 20:33:08 BRT 2020
Finished at Sat May 02 20:33:08 BRT 2020. 0ms
Started at Sat May 02 20:34:08 BRT 2020
Finished at Sat May 02 20:34:08 BRT 2020. 0ms
Started at Sat May 02 20:35:08 BRT 2020
Finished at Sat May 02 20:35:08 BRT 2020. 0ms
Started at Sat May 02 20:36:08 BRT 2020
Finished at Sat May 02 20:36:08 BRT 2020. 0ms
Started at Sat May 02 20:37:08 BRT 2020
Finished at Sat May 02 20:37:08 BRT 2020. 0ms
Started at Sat May 02 20:38:08 BRT 2020
Finished at Sat May 02 20:38:08 BRT 2020. 0ms
Started at Sat May 02 20:39:08 BRT 2020
Finished at Sat May 02 20:39:08 BRT 2020. 0ms
Started at Sat May 02 20:40:08 BRT 2020
Finished at Sat May 02 20:40:08 BRT 2020. 0ms
Started at Sat May 02 20:41:08 BRT 2020
Finished at Sat May 02 20:41:08 BRT 2020. 0ms
Started at Sat May 02 20:42:08 BRT 2020
Finished at Sat May 02 20:42:08 BRT 2020. 0ms
Started at Sat May 02 20:43:08 BRT 2020
Finished at Sat May 02 20:43:08 BRT 2020. 0ms
Started at Sat May 02 20:44:08 BRT 2020
Finished at Sat May 02 20:44:08 BRT 2020. 1ms
Started at Sat May 02 20:45:08 BRT 2020
Finished at Sat May 02 20:45:08 BRT 2020. 0ms
Started at Sat May 02 20:46:08 BRT 2020
Finished at Sat May 02 20:46:08 BRT 2020. 0ms
Started at Sat May 02 20:47:08 BRT 2020
Finished at Sat May 02 20:47:08 BRT 2020. 0ms
Started at Sat May 02 20:48:08 BRT 2020
Finished at Sat May 02 20:48:08 BRT 2020. 1ms
Started at Sat May 02 20:49:08 BRT 2020
Finished at Sat May 02 20:49:08 BRT 2020. 0ms
Started at Sat May 02 20:50:08 BRT 2020
Finished at Sat May 02 20:50:08 BRT 2020. 0ms
Started at Sat May 02 20:51:08 BRT 2020
Finished at Sat May 02 20:51:08 BRT 2020. 0ms
Started at Sat May 02 20:52:08 BRT 2020
Finished at Sat May 02 20:52:08 BRT 2020. 0ms
Started at Sat May 02 20:53:08 BRT 2020
Finished at Sat May 02 20:53:08 BRT 2020. 0ms
Started at Sat May 02 20:54:08 BRT 2020
Finished at Sat May 02 20:54:08 BRT 2020. 0ms
Started at Sat May 02 20:55:08 BRT 2020
Finished at Sat May 02 20:55:08 BRT 2020. 0ms
Started at Sat May 02 20:56:08 BRT 2020
Finished at Sat May 02 20:56:08 BRT 2020. 1ms
Started at Sat May 02 20:57:08 BRT 2020
Finished at Sat May 02 20:57:08 BRT 2020. 0ms
Started at Sat May 02 20:58:08 BRT 2020
Finished at Sat May 02 20:58:08 BRT 2020. 0ms
Started at Sat May 02 20:59:08 BRT 2020
Finished at Sat May 02 20:59:08 BRT 2020. 0ms
Started at Sat May 02 21:00:08 BRT 2020
Finished at Sat May 02 21:00:08 BRT 2020. 0ms
Started at Sat May 02 21:01:08 BRT 2020
Finished at Sat May 02 21:01:08 BRT 2020. 0ms
Started at Sat May 02 21:02:08 BRT 2020
Finished at Sat May 02 21:02:08 BRT 2020. 0ms
Started at Sat May 02 21:03:08 BRT 2020
Finished at Sat May 02 21:03:08 BRT 2020. 0ms
Started at Sat May 02 21:04:08 BRT 2020
Finished at Sat May 02 21:04:08 BRT 2020. 0ms
Started at Sat May 02 21:05:08 BRT 2020
Finished at Sat May 02 21:05:08 BRT 2020. 0ms
Started at Sat May 02 21:06:08 BRT 2020
Finished at Sat May 02 21:06:08 BRT 2020. 0ms
Started at Sat May 02 21:07:08 BRT 2020
Finished at Sat May 02 21:07:08 BRT 2020. 0ms
Started at Sat May 02 21:08:08 BRT 2020
Finished at Sat May 02 21:08:08 BRT 2020. 0ms
Started at Sat May 02 21:09:08 BRT 2020
Finished at Sat May 02 21:09:08 BRT 2020. 0ms
Started at Sat May 02 21:10:08 BRT 2020
Finished at Sat May 02 21:10:08 BRT 2020. 0ms
Started at Sat May 02 21:11:08 BRT 2020
Finished at Sat May 02 21:11:08 BRT 2020. 1ms
Started at Sat May 02 21:12:08 BRT 2020
Finished at Sat May 02 21:12:08 BRT 2020. 0ms
Started at Sat May 02 21:13:08 BRT 2020
Finished at Sat May 02 21:13:08 BRT 2020. 0ms
Started at Sat May 02 21:14:08 BRT 2020
Finished at Sat May 02 21:14:08 BRT 2020. 0ms
Started at Sat May 02 21:15:08 BRT 2020
Finished at Sat May 02 21:15:08 BRT 2020. 0ms
Started at Sat May 02 21:16:08 BRT 2020
Finished at Sat May 02 21:16:08 BRT 2020. 0ms
Started at Sat May 02 21:17:08 BRT 2020
Finished at Sat May 02 21:17:08 BRT 2020. 0ms
Started at Sat May 02 21:18:08 BRT 2020
Finished at Sat May 02 21:18:08 BRT 2020. 0ms
Started at Sat May 02 21:19:08 BRT 2020
Finished at Sat May 02 21:19:08 BRT 2020. 0ms
Started at Sat May 02 21:20:08 BRT 2020
Finished at Sat May 02 21:20:08 BRT 2020. 0ms
Started at Sat May 02 21:21:08 BRT 2020
Finished at Sat May 02 21:21:08 BRT 2020. 0ms
Started at Sat May 02 21:22:08 BRT 2020
Finished at Sat May 02 21:22:08 BRT 2020. 0ms
Started at Sat May 02 21:23:08 BRT 2020
Finished at Sat May 02 21:23:08 BRT 2020. 0ms
Started at Sat May 02 21:24:08 BRT 2020
Finished at Sat May 02 21:24:08 BRT 2020. 0ms
Started at Sat May 02 21:25:08 BRT 2020
Finished at Sat May 02 21:25:08 BRT 2020. 0ms
Started at Sat May 02 21:26:08 BRT 2020
Finished at Sat May 02 21:26:08 BRT 2020. 0ms
Started at Sat May 02 21:27:08 BRT 2020
Finished at Sat May 02 21:27:08 BRT 2020. 0ms
Started at Sat May 02 21:28:08 BRT 2020
Finished at Sat May 02 21:28:08 BRT 2020. 0ms
Started at Sat May 02 21:29:08 BRT 2020
Finished at Sat May 02 21:29:08 BRT 2020. 0ms
Started at Sat May 02 21:30:08 BRT 2020
Finished at Sat May 02 21:30:08 BRT 2020. 0ms
Started at Sat May 02 21:31:08 BRT 2020
Finished at Sat May 02 21:31:08 BRT 2020. 0ms
Started at Sat May 02 21:32:08 BRT 2020
Finished at Sat May 02 21:32:08 BRT 2020. 0ms
Started at Sat May 02 21:33:08 BRT 2020
Finished at Sat May 02 21:33:08 BRT 2020. 0ms
Started at Sat May 02 21:34:08 BRT 2020
Finished at Sat May 02 21:34:08 BRT 2020. 0ms
Started at Sat May 02 21:35:08 BRT 2020
Finished at Sat May 02 21:35:08 BRT 2020. 0ms
Started at Sat May 02 21:36:08 BRT 2020
Finished at Sat May 02 21:36:08 BRT 2020. 0ms
Started at Sat May 02 21:37:08 BRT 2020
Finished at Sat May 02 21:37:08 BRT 2020. 0ms
Started at Sat May 02 21:38:08 BRT 2020
Finished at Sat May 02 21:38:08 BRT 2020. 0ms
Started at Sat May 02 21:39:08 BRT 2020
Finished at Sat May 02 21:39:08 BRT 2020. 0ms
Started at Sat May 02 21:40:08 BRT 2020
Finished at Sat May 02 21:40:08 BRT 2020. 0ms
Started at Sat May 02 21:41:08 BRT 2020
Finished at Sat May 02 21:41:08 BRT 2020. 0ms
Started at Sat May 02 21:42:08 BRT 2020
Finished at Sat May 02 21:42:08 BRT 2020. 0ms
Started at Sat May 02 21:43:08 BRT 2020
Finished at Sat May 02 21:43:08 BRT 2020. 0ms
Started at Sat May 02 21:44:08 BRT 2020
Finished at Sat May 02 21:44:08 BRT 2020. 0ms
Started at Sat May 02 21:45:08 BRT 2020
Finished at Sat May 02 21:45:08 BRT 2020. 0ms
Started at Sat May 02 21:46:08 BRT 2020
Finished at Sat May 02 21:46:08 BRT 2020. 0ms
Started at Sat May 02 21:47:08 BRT 2020
Finished at Sat May 02 21:47:08 BRT 2020. 0ms
Started at Sat May 02 21:48:08 BRT 2020
Finished at Sat May 02 21:48:08 BRT 2020. 0ms
Started at Sat May 02 21:49:08 BRT 2020
Finished at Sat May 02 21:49:08 BRT 2020. 0ms
Started at Sat May 02 21:50:08 BRT 2020
Finished at Sat May 02 21:50:08 BRT 2020. 0ms
Started at Sat May 02 21:51:08 BRT 2020
Finished at Sat May 02 21:51:08 BRT 2020. 0ms
Started at Sat May 02 21:52:08 BRT 2020
Finished at Sat May 02 21:52:08 BRT 2020. 0ms
Started at Sat May 02 21:53:08 BRT 2020
Finished at Sat May 02 21:53:08 BRT 2020. 0ms
Started at Sat May 02 21:54:08 BRT 2020
Finished at Sat May 02 21:54:08 BRT 2020. 0ms
Started at Sat May 02 21:55:08 BRT 2020
Finished at Sat May 02 21:55:08 BRT 2020. 0ms
Started at Sat May 02 21:56:08 BRT 2020
Finished at Sat May 02 21:56:08 BRT 2020. 1ms
Started at Sat May 02 21:57:08 BRT 2020
Finished at Sat May 02 21:57:08 BRT 2020. 0ms
Started at Sat May 02 21:58:08 BRT 2020
Finished at Sat May 02 21:58:08 BRT 2020. 0ms
Started at Sat May 02 21:59:08 BRT 2020
Finished at Sat May 02 21:59:08 BRT 2020. 0ms
Started at Sat May 02 22:00:08 BRT 2020
Finished at Sat May 02 22:00:08 BRT 2020. 0ms
Started at Sat May 02 22:01:08 BRT 2020
Finished at Sat May 02 22:01:08 BRT 2020. 0ms
Started at Sat May 02 22:02:08 BRT 2020
Finished at Sat May 02 22:02:08 BRT 2020. 0ms
Started at Sat May 02 22:03:08 BRT 2020
Finished at Sat May 02 22:03:08 BRT 2020. 0ms
Started at Sat May 02 22:04:08 BRT 2020
Finished at Sat May 02 22:04:08 BRT 2020. 0ms
Started at Sat May 02 22:05:08 BRT 2020
Finished at Sat May 02 22:05:08 BRT 2020. 0ms
Started at Sat May 02 22:06:08 BRT 2020
Finished at Sat May 02 22:06:08 BRT 2020. 0ms
Started at Sat May 02 22:07:08 BRT 2020
Finished at Sat May 02 22:07:08 BRT 2020. 0ms
Started at Sat May 02 22:08:08 BRT 2020
Finished at Sat May 02 22:08:08 BRT 2020. 0ms
Started at Sat May 02 22:09:08 BRT 2020
Finished at Sat May 02 22:09:08 BRT 2020. 0ms
Started at Sat May 02 22:10:08 BRT 2020
Finished at Sat May 02 22:10:08 BRT 2020. 0ms
Started at Sat May 02 22:11:08 BRT 2020
Finished at Sat May 02 22:11:08 BRT 2020. 0ms
Started at Sat May 02 22:12:08 BRT 2020
Finished at Sat May 02 22:12:08 BRT 2020. 1ms
Started at Sat May 02 22:13:08 BRT 2020
Finished at Sat May 02 22:13:08 BRT 2020. 0ms
Started at Sat May 02 22:14:08 BRT 2020
Finished at Sat May 02 22:14:08 BRT 2020. 0ms
Started at Sat May 02 22:15:08 BRT 2020
Finished at Sat May 02 22:15:08 BRT 2020. 0ms
Started at Sat May 02 22:16:08 BRT 2020
Finished at Sat May 02 22:16:08 BRT 2020. 0ms
Started at Sat May 02 22:17:08 BRT 2020
Finished at Sat May 02 22:17:08 BRT 2020. 0ms
Started at Sat May 02 22:18:08 BRT 2020
Finished at Sat May 02 22:18:08 BRT 2020. 1ms
Started at Sat May 02 22:19:08 BRT 2020
Finished at Sat May 02 22:19:08 BRT 2020. 0ms
Started at Sat May 02 22:20:08 BRT 2020
Finished at Sat May 02 22:20:08 BRT 2020. 0ms
Started at Sat May 02 22:21:08 BRT 2020
Finished at Sat May 02 22:21:08 BRT 2020. 0ms
Started at Sat May 02 22:22:08 BRT 2020
Finished at Sat May 02 22:22:08 BRT 2020. 0ms
Started at Sat May 02 22:23:08 BRT 2020
Finished at Sat May 02 22:23:08 BRT 2020. 0ms
Started at Sat May 02 22:24:08 BRT 2020
Finished at Sat May 02 22:24:08 BRT 2020. 0ms
Started at Sat May 02 22:25:08 BRT 2020
Finished at Sat May 02 22:25:08 BRT 2020. 0ms
Started at Sat May 02 22:26:08 BRT 2020
Finished at Sat May 02 22:26:08 BRT 2020. 0ms
Started at Sat May 02 22:27:08 BRT 2020
Finished at Sat May 02 22:27:08 BRT 2020. 0ms
Started at Sat May 02 22:28:08 BRT 2020
Finished at Sat May 02 22:28:08 BRT 2020. 0ms
Started at Sat May 02 22:29:08 BRT 2020
Finished at Sat May 02 22:29:08 BRT 2020. 0ms
Started at Sat May 02 22:30:08 BRT 2020
Finished at Sat May 02 22:30:08 BRT 2020. 0ms
Started at Sat May 02 22:31:08 BRT 2020
Finished at Sat May 02 22:31:08 BRT 2020. 0ms
Started at Sat May 02 22:32:08 BRT 2020
Finished at Sat May 02 22:32:08 BRT 2020. 0ms
Started at Sat May 02 22:33:08 BRT 2020
Finished at Sat May 02 22:33:08 BRT 2020. 1ms
Started at Sat May 02 22:34:08 BRT 2020
Finished at Sat May 02 22:34:08 BRT 2020. 0ms
Started at Sat May 02 22:35:08 BRT 2020
Finished at Sat May 02 22:35:08 BRT 2020. 0ms
Started at Sat May 02 22:36:08 BRT 2020
Finished at Sat May 02 22:36:08 BRT 2020. 0ms
Started at Sat May 02 22:37:08 BRT 2020
Finished at Sat May 02 22:37:08 BRT 2020. 0ms
Started at Sat May 02 22:38:08 BRT 2020
Finished at Sat May 02 22:38:08 BRT 2020. 0ms
Started at Sat May 02 22:39:08 BRT 2020
Finished at Sat May 02 22:39:08 BRT 2020. 0ms
Started at Sat May 02 22:40:08 BRT 2020
Finished at Sat May 02 22:40:08 BRT 2020. 1ms
Started at Sat May 02 22:41:08 BRT 2020
Finished at Sat May 02 22:41:08 BRT 2020. 0ms
Started at Sat May 02 22:42:08 BRT 2020
Finished at Sat May 02 22:42:08 BRT 2020. 0ms
Started at Sat May 02 22:43:08 BRT 2020
Finished at Sat May 02 22:43:08 BRT 2020. 0ms
Started at Sat May 02 22:44:08 BRT 2020
Finished at Sat May 02 22:44:08 BRT 2020. 0ms
Started at Sat May 02 22:45:08 BRT 2020
Finished at Sat May 02 22:45:08 BRT 2020. 0ms
Started at Sat May 02 22:46:08 BRT 2020
Finished at Sat May 02 22:46:08 BRT 2020. 0ms
Started at Sat May 02 22:47:08 BRT 2020
Finished at Sat May 02 22:47:08 BRT 2020. 0ms
Started at Sat May 02 22:48:08 BRT 2020
Finished at Sat May 02 22:48:08 BRT 2020. 0ms
Started at Sat May 02 22:49:08 BRT 2020
Finished at Sat May 02 22:49:08 BRT 2020. 0ms
Started at Sat May 02 22:50:08 BRT 2020
Finished at Sat May 02 22:50:08 BRT 2020. 0ms
Started at Sat May 02 22:51:08 BRT 2020
Finished at Sat May 02 22:51:08 BRT 2020. 0ms
Started at Sat May 02 22:52:08 BRT 2020
Finished at Sat May 02 22:52:08 BRT 2020. 0ms
Started at Sat May 02 22:53:08 BRT 2020
Finished at Sat May 02 22:53:08 BRT 2020. 0ms
Started at Sat May 02 22:54:08 BRT 2020
Finished at Sat May 02 22:54:08 BRT 2020. 0ms
Started at Sat May 02 22:55:08 BRT 2020
Finished at Sat May 02 22:55:08 BRT 2020. 0ms
Started at Sat May 02 22:56:08 BRT 2020
Finished at Sat May 02 22:56:08 BRT 2020. 0ms
Started at Sat May 02 22:57:08 BRT 2020
Finished at Sat May 02 22:57:08 BRT 2020. 0ms
Started at Sat May 02 22:58:08 BRT 2020
Finished at Sat May 02 22:58:08 BRT 2020. 0ms
Started at Sat May 02 22:59:08 BRT 2020
Finished at Sat May 02 22:59:08 BRT 2020. 1ms
Started at Sat May 02 23:00:08 BRT 2020
Finished at Sat May 02 23:00:08 BRT 2020. 0ms
Started at Sat May 02 23:01:08 BRT 2020
Finished at Sat May 02 23:01:08 BRT 2020. 0ms
Started at Sat May 02 23:02:08 BRT 2020
Finished at Sat May 02 23:02:08 BRT 2020. 0ms
Started at Sat May 02 23:03:08 BRT 2020
Finished at Sat May 02 23:03:08 BRT 2020. 0ms
Started at Sat May 02 23:04:08 BRT 2020
Finished at Sat May 02 23:04:08 BRT 2020. 0ms
Started at Sat May 02 23:05:08 BRT 2020
Finished at Sat May 02 23:05:08 BRT 2020. 0ms
Started at Sat May 02 23:06:08 BRT 2020
Finished at Sat May 02 23:06:08 BRT 2020. 0ms
Started at Sat May 02 23:07:08 BRT 2020
Finished at Sat May 02 23:07:08 BRT 2020. 0ms
Started at Sat May 02 23:08:08 BRT 2020
Finished at Sat May 02 23:08:08 BRT 2020. 0ms
Started at Sat May 02 23:09:08 BRT 2020
Finished at Sat May 02 23:09:08 BRT 2020. 0ms
Started at Sat May 02 23:10:08 BRT 2020
Finished at Sat May 02 23:10:08 BRT 2020. 0ms
Started at Sat May 02 23:11:08 BRT 2020
Finished at Sat May 02 23:11:08 BRT 2020. 0ms
Started at Sat May 02 23:12:08 BRT 2020
Finished at Sat May 02 23:12:08 BRT 2020. 0ms
Started at Sat May 02 23:13:08 BRT 2020
Finished at Sat May 02 23:13:08 BRT 2020. 0ms
Started at Sat May 02 23:14:08 BRT 2020
Finished at Sat May 02 23:14:08 BRT 2020. 0ms
Started at Sat May 02 23:15:08 BRT 2020
Finished at Sat May 02 23:15:08 BRT 2020. 0ms
Started at Sat May 02 23:16:08 BRT 2020
Finished at Sat May 02 23:16:08 BRT 2020. 0ms
Started at Sat May 02 23:17:08 BRT 2020
Finished at Sat May 02 23:17:08 BRT 2020. 0ms
Started at Sat May 02 23:18:08 BRT 2020
Finished at Sat May 02 23:18:08 BRT 2020. 0ms
Started at Sat May 02 23:19:08 BRT 2020
Finished at Sat May 02 23:19:08 BRT 2020. 0ms
Started at Sat May 02 23:20:08 BRT 2020
Finished at Sat May 02 23:20:08 BRT 2020. 0ms
Started at Sat May 02 23:21:08 BRT 2020
Finished at Sat May 02 23:21:08 BRT 2020. 0ms
Started at Sat May 02 23:22:08 BRT 2020
Finished at Sat May 02 23:22:08 BRT 2020. 0ms
Started at Sat May 02 23:23:08 BRT 2020
Finished at Sat May 02 23:23:08 BRT 2020. 0ms
Started at Sat May 02 23:24:08 BRT 2020
Finished at Sat May 02 23:24:08 BRT 2020. 0ms
Started at Sat May 02 23:25:08 BRT 2020
Finished at Sat May 02 23:25:08 BRT 2020. 0ms
Started at Sat May 02 23:26:08 BRT 2020
Finished at Sat May 02 23:26:08 BRT 2020. 0ms
Started at Sat May 02 23:27:08 BRT 2020
Finished at Sat May 02 23:27:08 BRT 2020. 0ms
Started at Sat May 02 23:28:08 BRT 2020
Finished at Sat May 02 23:28:08 BRT 2020. 0ms
Started at Sat May 02 23:29:08 BRT 2020
Finished at Sat May 02 23:29:08 BRT 2020. 0ms
Started at Sat May 02 23:30:08 BRT 2020
Finished at Sat May 02 23:30:08 BRT 2020. 0ms
Started at Sat May 02 23:31:08 BRT 2020
Finished at Sat May 02 23:31:08 BRT 2020. 0ms
Started at Sat May 02 23:32:08 BRT 2020
Finished at Sat May 02 23:32:08 BRT 2020. 0ms
Started at Sat May 02 23:33:08 BRT 2020
Finished at Sat May 02 23:33:08 BRT 2020. 0ms
Started at Sat May 02 23:34:08 BRT 2020
Finished at Sat May 02 23:34:08 BRT 2020. 0ms
Started at Sat May 02 23:35:08 BRT 2020
Finished at Sat May 02 23:35:08 BRT 2020. 0ms
Started at Sat May 02 23:36:08 BRT 2020
Finished at Sat May 02 23:36:08 BRT 2020. 0ms
Started at Sat May 02 23:37:08 BRT 2020
Finished at Sat May 02 23:37:08 BRT 2020. 0ms
Started at Sat May 02 23:38:08 BRT 2020
Finished at Sat May 02 23:38:08 BRT 2020. 0ms
Started at Sat May 02 23:39:08 BRT 2020
Finished at Sat May 02 23:39:08 BRT 2020. 0ms
Started at Sat May 02 23:40:08 BRT 2020
Finished at Sat May 02 23:40:08 BRT 2020. 0ms
Started at Sat May 02 23:41:08 BRT 2020
Finished at Sat May 02 23:41:08 BRT 2020. 0ms
Started at Sat May 02 23:42:08 BRT 2020
Finished at Sat May 02 23:42:08 BRT 2020. 0ms
Started at Sat May 02 23:43:08 BRT 2020
Finished at Sat May 02 23:43:08 BRT 2020. 0ms
Started at Sat May 02 23:44:08 BRT 2020
Finished at Sat May 02 23:44:08 BRT 2020. 0ms
Started at Sat May 02 23:45:08 BRT 2020
Finished at Sat May 02 23:45:08 BRT 2020. 0ms
Started at Sat May 02 23:46:08 BRT 2020
Finished at Sat May 02 23:46:08 BRT 2020. 0ms
Started at Sat May 02 23:47:08 BRT 2020
Finished at Sat May 02 23:47:08 BRT 2020. 0ms
Started at Sat May 02 23:48:08 BRT 2020
Finished at Sat May 02 23:48:08 BRT 2020. 0ms
Started at Sat May 02 23:49:08 BRT 2020
Finished at Sat May 02 23:49:08 BRT 2020. 0ms
Started at Sat May 02 23:50:08 BRT 2020
Finished at Sat May 02 23:50:08 BRT 2020. 0ms
Started at Sat May 02 23:51:08 BRT 2020
Finished at Sat May 02 23:51:08 BRT 2020. 0ms
Started at Sat May 02 23:52:08 BRT 2020
Finished at Sat May 02 23:52:08 BRT 2020. 0ms
Started at Sat May 02 23:53:08 BRT 2020
Finished at Sat May 02 23:53:08 BRT 2020. 0ms
Started at Sat May 02 23:54:08 BRT 2020
Finished at Sat May 02 23:54:08 BRT 2020. 0ms
Started at Sat May 02 23:55:08 BRT 2020
Finished at Sat May 02 23:55:08 BRT 2020. 0ms
Started at Sat May 02 23:56:08 BRT 2020
Finished at Sat May 02 23:56:08 BRT 2020. 0ms
Started at Sat May 02 23:57:08 BRT 2020
Finished at Sat May 02 23:57:08 BRT 2020. 0ms
Started at Sat May 02 23:58:08 BRT 2020
Finished at Sat May 02 23:58:08 BRT 2020. 0ms
Started at Sat May 02 23:59:08 BRT 2020
Finished at Sat May 02 23:59:08 BRT 2020. 0ms
Started at Sun May 03 00:00:08 BRT 2020
Finished at Sun May 03 00:00:08 BRT 2020. 0ms
Started at Sun May 03 00:01:08 BRT 2020
Finished at Sun May 03 00:01:08 BRT 2020. 0ms
Started at Sun May 03 00:02:08 BRT 2020
Finished at Sun May 03 00:02:08 BRT 2020. 0ms
Started at Sun May 03 00:03:08 BRT 2020
Finished at Sun May 03 00:03:08 BRT 2020. 0ms
Started at Sun May 03 00:04:08 BRT 2020
Finished at Sun May 03 00:04:08 BRT 2020. 0ms
Started at Sun May 03 00:05:08 BRT 2020
Finished at Sun May 03 00:05:08 BRT 2020. 0ms
Started at Sun May 03 00:06:08 BRT 2020
Finished at Sun May 03 00:06:08 BRT 2020. 0ms
Started at Sun May 03 00:07:08 BRT 2020
Finished at Sun May 03 00:07:08 BRT 2020. 0ms
Started at Sun May 03 00:08:08 BRT 2020
Finished at Sun May 03 00:08:08 BRT 2020. 0ms
Started at Sun May 03 00:09:08 BRT 2020
Finished at Sun May 03 00:09:08 BRT 2020. 0ms
Started at Sun May 03 00:10:08 BRT 2020
Finished at Sun May 03 00:10:08 BRT 2020. 0ms
Started at Sun May 03 00:11:08 BRT 2020
Finished at Sun May 03 00:11:08 BRT 2020. 0ms
Started at Sun May 03 00:12:08 BRT 2020
Finished at Sun May 03 00:12:08 BRT 2020. 0ms
Started at Sun May 03 00:13:08 BRT 2020
Finished at Sun May 03 00:13:08 BRT 2020. 0ms
Started at Sun May 03 00:14:08 BRT 2020
Finished at Sun May 03 00:14:08 BRT 2020. 0ms
Started at Sun May 03 00:15:08 BRT 2020
Finished at Sun May 03 00:15:08 BRT 2020. 0ms
Started at Sun May 03 00:16:08 BRT 2020
Finished at Sun May 03 00:16:08 BRT 2020. 0ms
Started at Sun May 03 00:17:08 BRT 2020
Finished at Sun May 03 00:17:08 BRT 2020. 0ms
Started at Sun May 03 00:18:08 BRT 2020
Finished at Sun May 03 00:18:08 BRT 2020. 0ms
Started at Sun May 03 00:19:08 BRT 2020
Finished at Sun May 03 00:19:08 BRT 2020. 0ms
Started at Sun May 03 00:20:08 BRT 2020
Finished at Sun May 03 00:20:08 BRT 2020. 0ms
Started at Sun May 03 00:21:08 BRT 2020
Finished at Sun May 03 00:21:08 BRT 2020. 0ms
Started at Sun May 03 00:22:08 BRT 2020
Finished at Sun May 03 00:22:08 BRT 2020. 0ms
Started at Sun May 03 00:23:08 BRT 2020
Finished at Sun May 03 00:23:08 BRT 2020. 0ms
Started at Sun May 03 00:24:08 BRT 2020
Finished at Sun May 03 00:24:08 BRT 2020. 0ms
Started at Sun May 03 00:25:08 BRT 2020
Finished at Sun May 03 00:25:08 BRT 2020. 0ms
Started at Sun May 03 00:26:08 BRT 2020
Finished at Sun May 03 00:26:08 BRT 2020. 0ms
Started at Sun May 03 00:27:08 BRT 2020
Finished at Sun May 03 00:27:08 BRT 2020. 0ms
Started at Sun May 03 00:28:08 BRT 2020
Finished at Sun May 03 00:28:08 BRT 2020. 0ms
Started at Sun May 03 00:29:08 BRT 2020
Finished at Sun May 03 00:29:08 BRT 2020. 0ms
Started at Sun May 03 00:30:08 BRT 2020
Finished at Sun May 03 00:30:08 BRT 2020. 0ms
Started at Sun May 03 00:31:08 BRT 2020
Finished at Sun May 03 00:31:08 BRT 2020. 0ms
Started at Sun May 03 00:32:08 BRT 2020
Finished at Sun May 03 00:32:08 BRT 2020. 0ms
Started at Sun May 03 00:33:08 BRT 2020
Finished at Sun May 03 00:33:08 BRT 2020. 0ms
Started at Sun May 03 00:34:08 BRT 2020
Finished at Sun May 03 00:34:08 BRT 2020. 0ms
Started at Sun May 03 00:35:08 BRT 2020
Finished at Sun May 03 00:35:08 BRT 2020. 0ms
Started at Sun May 03 00:36:08 BRT 2020
Finished at Sun May 03 00:36:08 BRT 2020. 0ms
Started at Sun May 03 00:37:08 BRT 2020
Finished at Sun May 03 00:37:08 BRT 2020. 0ms
Started at Sun May 03 00:38:08 BRT 2020
Finished at Sun May 03 00:38:08 BRT 2020. 0ms
Started at Sun May 03 00:39:08 BRT 2020
Finished at Sun May 03 00:39:08 BRT 2020. 0ms
Started at Sun May 03 00:40:08 BRT 2020
Finished at Sun May 03 00:40:08 BRT 2020. 0ms
Started at Sun May 03 00:41:08 BRT 2020
Finished at Sun May 03 00:41:08 BRT 2020. 0ms
Started at Sun May 03 00:42:08 BRT 2020
Finished at Sun May 03 00:42:08 BRT 2020. 0ms
Started at Sun May 03 00:43:08 BRT 2020
Finished at Sun May 03 00:43:08 BRT 2020. 0ms
Started at Sun May 03 00:44:08 BRT 2020
Finished at Sun May 03 00:44:08 BRT 2020. 0ms
Started at Sun May 03 00:45:08 BRT 2020
Finished at Sun May 03 00:45:08 BRT 2020. 0ms
Started at Sun May 03 00:46:08 BRT 2020
Finished at Sun May 03 00:46:08 BRT 2020. 0ms
Started at Sun May 03 00:47:08 BRT 2020
Finished at Sun May 03 00:47:08 BRT 2020. 0ms
Started at Sun May 03 00:48:08 BRT 2020
Finished at Sun May 03 00:48:08 BRT 2020. 0ms
Started at Sun May 03 00:49:08 BRT 2020
Finished at Sun May 03 00:49:08 BRT 2020. 0ms
Started at Sun May 03 00:50:08 BRT 2020
Finished at Sun May 03 00:50:08 BRT 2020. 0ms
Started at Sun May 03 00:51:08 BRT 2020
Finished at Sun May 03 00:51:08 BRT 2020. 0ms
Started at Sun May 03 00:52:08 BRT 2020
Finished at Sun May 03 00:52:08 BRT 2020. 0ms
Started at Sun May 03 00:53:08 BRT 2020
Finished at Sun May 03 00:53:08 BRT 2020. 0ms
Started at Sun May 03 00:54:08 BRT 2020
Finished at Sun May 03 00:54:08 BRT 2020. 0ms
Started at Sun May 03 00:55:08 BRT 2020
Finished at Sun May 03 00:55:08 BRT 2020. 0ms
Started at Sun May 03 00:56:08 BRT 2020
Finished at Sun May 03 00:56:08 BRT 2020. 0ms
Started at Sun May 03 00:57:08 BRT 2020
Finished at Sun May 03 00:57:08 BRT 2020. 0ms
Started at Sun May 03 00:58:08 BRT 2020
Finished at Sun May 03 00:58:08 BRT 2020. 0ms
Started at Sun May 03 00:59:08 BRT 2020
Finished at Sun May 03 00:59:08 BRT 2020. 0ms
Started at Sun May 03 01:00:08 BRT 2020
Finished at Sun May 03 01:00:08 BRT 2020. 0ms
Started at Sun May 03 01:01:08 BRT 2020
Finished at Sun May 03 01:01:08 BRT 2020. 0ms
Started at Sun May 03 01:02:08 BRT 2020
Finished at Sun May 03 01:02:08 BRT 2020. 0ms
Started at Sun May 03 01:03:08 BRT 2020
Finished at Sun May 03 01:03:08 BRT 2020. 0ms
Started at Sun May 03 01:04:08 BRT 2020
Finished at Sun May 03 01:04:08 BRT 2020. 0ms
Started at Sun May 03 01:05:08 BRT 2020
Finished at Sun May 03 01:05:08 BRT 2020. 0ms
Started at Sun May 03 01:06:08 BRT 2020
Finished at Sun May 03 01:06:08 BRT 2020. 0ms
Started at Sun May 03 01:07:08 BRT 2020
Finished at Sun May 03 01:07:08 BRT 2020. 0ms
Started at Sun May 03 01:08:08 BRT 2020
Finished at Sun May 03 01:08:08 BRT 2020. 0ms
Started at Sun May 03 01:09:08 BRT 2020
Finished at Sun May 03 01:09:08 BRT 2020. 0ms
Started at Sun May 03 01:10:08 BRT 2020
Finished at Sun May 03 01:10:08 BRT 2020. 0ms
Started at Sun May 03 01:11:08 BRT 2020
Finished at Sun May 03 01:11:08 BRT 2020. 0ms
Started at Sun May 03 01:12:08 BRT 2020
Finished at Sun May 03 01:12:08 BRT 2020. 0ms
Started at Sun May 03 01:13:08 BRT 2020
Finished at Sun May 03 01:13:08 BRT 2020. 0ms
Started at Sun May 03 01:14:08 BRT 2020
Finished at Sun May 03 01:14:08 BRT 2020. 0ms
Started at Sun May 03 01:15:08 BRT 2020
Finished at Sun May 03 01:15:08 BRT 2020. 0ms
Started at Sun May 03 01:16:08 BRT 2020
Finished at Sun May 03 01:16:08 BRT 2020. 0ms
Started at Sun May 03 01:17:08 BRT 2020
Finished at Sun May 03 01:17:08 BRT 2020. 0ms
Started at Sun May 03 01:18:08 BRT 2020
Finished at Sun May 03 01:18:08 BRT 2020. 0ms
Started at Sun May 03 01:19:08 BRT 2020
Finished at Sun May 03 01:19:08 BRT 2020. 0ms
Started at Sun May 03 01:20:08 BRT 2020
Finished at Sun May 03 01:20:08 BRT 2020. 0ms
Started at Sun May 03 01:21:08 BRT 2020
Finished at Sun May 03 01:21:08 BRT 2020. 0ms
Started at Sun May 03 01:22:08 BRT 2020
Finished at Sun May 03 01:22:08 BRT 2020. 0ms
Started at Sun May 03 01:23:08 BRT 2020
Finished at Sun May 03 01:23:08 BRT 2020. 0ms
Started at Sun May 03 01:24:08 BRT 2020
Finished at Sun May 03 01:24:08 BRT 2020. 0ms
Started at Sun May 03 01:25:08 BRT 2020
Finished at Sun May 03 01:25:08 BRT 2020. 0ms
Started at Sun May 03 01:26:08 BRT 2020
Finished at Sun May 03 01:26:08 BRT 2020. 0ms
Started at Sun May 03 01:27:08 BRT 2020
Finished at Sun May 03 01:27:08 BRT 2020. 0ms
Started at Sun May 03 01:28:08 BRT 2020
Finished at Sun May 03 01:28:08 BRT 2020. 0ms
Started at Sun May 03 01:29:08 BRT 2020
Finished at Sun May 03 01:29:08 BRT 2020. 0ms
Started at Sun May 03 01:30:08 BRT 2020
Finished at Sun May 03 01:30:08 BRT 2020. 0ms
Started at Sun May 03 01:31:08 BRT 2020
Finished at Sun May 03 01:31:08 BRT 2020. 0ms
Started at Sun May 03 01:32:08 BRT 2020
Finished at Sun May 03 01:32:08 BRT 2020. 0ms
Started at Sun May 03 01:33:08 BRT 2020
Finished at Sun May 03 01:33:08 BRT 2020. 0ms
Started at Sun May 03 01:34:08 BRT 2020
Finished at Sun May 03 01:34:08 BRT 2020. 0ms
Started at Sun May 03 01:35:08 BRT 2020
Finished at Sun May 03 01:35:08 BRT 2020. 0ms
Started at Sun May 03 01:36:08 BRT 2020
Finished at Sun May 03 01:36:08 BRT 2020. 0ms
Started at Sun May 03 01:37:08 BRT 2020
Finished at Sun May 03 01:37:08 BRT 2020. 0ms
Started at Sun May 03 01:38:08 BRT 2020
Finished at Sun May 03 01:38:08 BRT 2020. 0ms
Started at Sun May 03 01:39:08 BRT 2020
Finished at Sun May 03 01:39:08 BRT 2020. 0ms
Started at Sun May 03 01:40:08 BRT 2020
Finished at Sun May 03 01:40:08 BRT 2020. 0ms
Started at Sun May 03 01:41:08 BRT 2020
Finished at Sun May 03 01:41:08 BRT 2020. 0ms
Started at Sun May 03 01:42:08 BRT 2020
Finished at Sun May 03 01:42:08 BRT 2020. 0ms
Started at Sun May 03 01:43:08 BRT 2020
Finished at Sun May 03 01:43:08 BRT 2020. 0ms
Started at Sun May 03 01:44:08 BRT 2020
Finished at Sun May 03 01:44:08 BRT 2020. 0ms
Started at Sun May 03 01:45:08 BRT 2020
Finished at Sun May 03 01:45:08 BRT 2020. 0ms
Started at Sun May 03 01:46:08 BRT 2020
Finished at Sun May 03 01:46:08 BRT 2020. 0ms
Started at Sun May 03 01:47:08 BRT 2020
Finished at Sun May 03 01:47:08 BRT 2020. 0ms
Started at Sun May 03 01:48:08 BRT 2020
Finished at Sun May 03 01:48:08 BRT 2020. 0ms
Started at Sun May 03 01:49:08 BRT 2020
Finished at Sun May 03 01:49:08 BRT 2020. 0ms
Started at Sun May 03 01:50:08 BRT 2020
Finished at Sun May 03 01:50:08 BRT 2020. 0ms
Started at Sun May 03 01:51:08 BRT 2020
Finished at Sun May 03 01:51:08 BRT 2020. 0ms
Started at Sun May 03 01:52:08 BRT 2020
Finished at Sun May 03 01:52:08 BRT 2020. 0ms
Started at Sun May 03 01:53:08 BRT 2020
Finished at Sun May 03 01:53:08 BRT 2020. 0ms
Started at Sun May 03 01:54:08 BRT 2020
Finished at Sun May 03 01:54:08 BRT 2020. 0ms
Started at Sun May 03 01:55:08 BRT 2020
Finished at Sun May 03 01:55:08 BRT 2020. 0ms
Started at Sun May 03 01:56:08 BRT 2020
Finished at Sun May 03 01:56:08 BRT 2020. 0ms
Started at Sun May 03 01:57:08 BRT 2020
Finished at Sun May 03 01:57:08 BRT 2020. 0ms
Started at Sun May 03 01:58:08 BRT 2020
Finished at Sun May 03 01:58:08 BRT 2020. 0ms
Started at Sun May 03 01:59:08 BRT 2020
Finished at Sun May 03 01:59:08 BRT 2020. 0ms
Started at Sun May 03 02:00:08 BRT 2020
Finished at Sun May 03 02:00:08 BRT 2020. 0ms
Started at Sun May 03 02:01:08 BRT 2020
Finished at Sun May 03 02:01:08 BRT 2020. 0ms
Started at Sun May 03 02:02:08 BRT 2020
Finished at Sun May 03 02:02:08 BRT 2020. 0ms
Started at Sun May 03 02:03:08 BRT 2020
Finished at Sun May 03 02:03:08 BRT 2020. 0ms
Started at Sun May 03 02:04:08 BRT 2020
Finished at Sun May 03 02:04:08 BRT 2020. 0ms
Started at Sun May 03 02:05:08 BRT 2020
Finished at Sun May 03 02:05:08 BRT 2020. 0ms
Started at Sun May 03 02:06:08 BRT 2020
Finished at Sun May 03 02:06:08 BRT 2020. 0ms
Started at Sun May 03 02:07:08 BRT 2020
Finished at Sun May 03 02:07:08 BRT 2020. 0ms
Started at Sun May 03 02:08:08 BRT 2020
Finished at Sun May 03 02:08:08 BRT 2020. 0ms
Started at Sun May 03 02:09:08 BRT 2020
Finished at Sun May 03 02:09:08 BRT 2020. 0ms
Started at Sun May 03 02:10:08 BRT 2020
Finished at Sun May 03 02:10:08 BRT 2020. 0ms
Started at Sun May 03 02:11:08 BRT 2020
Finished at Sun May 03 02:11:08 BRT 2020. 0ms
Started at Sun May 03 02:12:08 BRT 2020
Finished at Sun May 03 02:12:08 BRT 2020. 0ms
Started at Sun May 03 02:13:08 BRT 2020
Finished at Sun May 03 02:13:08 BRT 2020. 0ms
Started at Sun May 03 02:14:08 BRT 2020
Finished at Sun May 03 02:14:08 BRT 2020. 0ms
Started at Sun May 03 02:15:08 BRT 2020
Finished at Sun May 03 02:15:08 BRT 2020. 0ms
Started at Sun May 03 02:16:08 BRT 2020
Finished at Sun May 03 02:16:08 BRT 2020. 0ms
Started at Sun May 03 02:17:08 BRT 2020
Finished at Sun May 03 02:17:08 BRT 2020. 0ms
Started at Sun May 03 02:18:08 BRT 2020
Finished at Sun May 03 02:18:08 BRT 2020. 0ms
Started at Sun May 03 02:19:08 BRT 2020
Finished at Sun May 03 02:19:08 BRT 2020. 0ms
Started at Sun May 03 02:20:08 BRT 2020
Finished at Sun May 03 02:20:08 BRT 2020. 0ms
Started at Sun May 03 02:21:08 BRT 2020
Finished at Sun May 03 02:21:08 BRT 2020. 0ms
Started at Sun May 03 02:22:08 BRT 2020
Finished at Sun May 03 02:22:08 BRT 2020. 1ms
Started at Sun May 03 02:23:08 BRT 2020
Finished at Sun May 03 02:23:08 BRT 2020. 0ms
Started at Sun May 03 02:24:08 BRT 2020
Finished at Sun May 03 02:24:08 BRT 2020. 0ms
Started at Sun May 03 02:25:08 BRT 2020
Finished at Sun May 03 02:25:08 BRT 2020. 0ms
Started at Sun May 03 02:26:08 BRT 2020
Finished at Sun May 03 02:26:08 BRT 2020. 0ms
Started at Sun May 03 02:27:08 BRT 2020
Finished at Sun May 03 02:27:08 BRT 2020. 0ms
Started at Sun May 03 02:28:08 BRT 2020
Finished at Sun May 03 02:28:08 BRT 2020. 0ms
Started at Sun May 03 02:29:08 BRT 2020
Finished at Sun May 03 02:29:08 BRT 2020. 0ms
Started at Sun May 03 02:30:08 BRT 2020
Finished at Sun May 03 02:30:08 BRT 2020. 0ms
Started at Sun May 03 02:31:08 BRT 2020
Finished at Sun May 03 02:31:08 BRT 2020. 0ms
Started at Sun May 03 02:32:08 BRT 2020
Finished at Sun May 03 02:32:08 BRT 2020. 0ms
Started at Sun May 03 02:33:08 BRT 2020
Finished at Sun May 03 02:33:08 BRT 2020. 0ms
Started at Sun May 03 02:34:08 BRT 2020
Finished at Sun May 03 02:34:08 BRT 2020. 0ms
Started at Sun May 03 02:35:08 BRT 2020
Finished at Sun May 03 02:35:08 BRT 2020. 0ms
Started at Sun May 03 02:36:08 BRT 2020
Finished at Sun May 03 02:36:08 BRT 2020. 0ms
Started at Sun May 03 02:37:08 BRT 2020
Finished at Sun May 03 02:37:08 BRT 2020. 0ms
Started at Sun May 03 02:38:08 BRT 2020
Finished at Sun May 03 02:38:08 BRT 2020. 0ms
Started at Sun May 03 02:39:08 BRT 2020
Finished at Sun May 03 02:39:08 BRT 2020. 0ms
Started at Sun May 03 02:40:08 BRT 2020
Finished at Sun May 03 02:40:08 BRT 2020. 0ms
Started at Sun May 03 02:41:08 BRT 2020
Finished at Sun May 03 02:41:08 BRT 2020. 0ms
Started at Sun May 03 02:42:08 BRT 2020
Finished at Sun May 03 02:42:08 BRT 2020. 0ms
Started at Sun May 03 02:43:08 BRT 2020
Finished at Sun May 03 02:43:08 BRT 2020. 0ms
Started at Sun May 03 02:44:08 BRT 2020
Finished at Sun May 03 02:44:08 BRT 2020. 0ms
Started at Sun May 03 02:45:08 BRT 2020
Finished at Sun May 03 02:45:08 BRT 2020. 0ms
Started at Sun May 03 02:46:08 BRT 2020
Finished at Sun May 03 02:46:08 BRT 2020. 0ms
Started at Sun May 03 02:47:08 BRT 2020
Finished at Sun May 03 02:47:08 BRT 2020. 0ms
Started at Sun May 03 02:48:08 BRT 2020
Finished at Sun May 03 02:48:08 BRT 2020. 0ms
Started at Sun May 03 02:49:08 BRT 2020
Finished at Sun May 03 02:49:08 BRT 2020. 0ms
Started at Sun May 03 02:50:08 BRT 2020
Finished at Sun May 03 02:50:08 BRT 2020. 0ms
Started at Sun May 03 02:51:08 BRT 2020
Finished at Sun May 03 02:51:08 BRT 2020. 0ms
Started at Sun May 03 02:52:08 BRT 2020
Finished at Sun May 03 02:52:08 BRT 2020. 0ms
Started at Sun May 03 02:53:08 BRT 2020
Finished at Sun May 03 02:53:08 BRT 2020. 0ms
Started at Sun May 03 02:54:08 BRT 2020
Finished at Sun May 03 02:54:08 BRT 2020. 0ms
Started at Sun May 03 02:55:08 BRT 2020
Finished at Sun May 03 02:55:08 BRT 2020. 0ms
Started at Sun May 03 02:56:08 BRT 2020
Finished at Sun May 03 02:56:08 BRT 2020. 0ms
Started at Sun May 03 02:57:08 BRT 2020
Finished at Sun May 03 02:57:08 BRT 2020. 0ms
Started at Sun May 03 02:58:08 BRT 2020
Finished at Sun May 03 02:58:08 BRT 2020. 0ms
Started at Sun May 03 02:59:08 BRT 2020
Finished at Sun May 03 02:59:08 BRT 2020. 0ms
Started at Sun May 03 03:00:08 BRT 2020
Finished at Sun May 03 03:00:08 BRT 2020. 0ms
Started at Sun May 03 03:01:08 BRT 2020
Finished at Sun May 03 03:01:08 BRT 2020. 0ms
Started at Sun May 03 03:02:08 BRT 2020
Finished at Sun May 03 03:02:08 BRT 2020. 0ms
Started at Sun May 03 03:03:08 BRT 2020
Finished at Sun May 03 03:03:08 BRT 2020. 0ms
Started at Sun May 03 03:04:08 BRT 2020
Finished at Sun May 03 03:04:08 BRT 2020. 0ms
Started at Sun May 03 03:05:08 BRT 2020
Finished at Sun May 03 03:05:08 BRT 2020. 0ms
Started at Sun May 03 03:06:08 BRT 2020
Finished at Sun May 03 03:06:08 BRT 2020. 0ms
Started at Sun May 03 03:07:08 BRT 2020
Finished at Sun May 03 03:07:08 BRT 2020. 0ms
Started at Sun May 03 03:08:08 BRT 2020
Finished at Sun May 03 03:08:08 BRT 2020. 0ms
Started at Sun May 03 03:09:08 BRT 2020
Finished at Sun May 03 03:09:08 BRT 2020. 0ms
Started at Sun May 03 03:10:08 BRT 2020
Finished at Sun May 03 03:10:08 BRT 2020. 1ms
Started at Sun May 03 03:11:08 BRT 2020
Finished at Sun May 03 03:11:08 BRT 2020. 0ms
Started at Sun May 03 03:12:08 BRT 2020
Finished at Sun May 03 03:12:08 BRT 2020. 0ms
Started at Sun May 03 03:13:08 BRT 2020
Finished at Sun May 03 03:13:08 BRT 2020. 0ms
Started at Sun May 03 03:14:08 BRT 2020
Finished at Sun May 03 03:14:08 BRT 2020. 0ms
Started at Sun May 03 03:15:08 BRT 2020
Finished at Sun May 03 03:15:08 BRT 2020. 0ms
Started at Sun May 03 03:16:08 BRT 2020
Finished at Sun May 03 03:16:08 BRT 2020. 0ms
Started at Sun May 03 03:17:08 BRT 2020
Finished at Sun May 03 03:17:08 BRT 2020. 0ms
Started at Sun May 03 03:18:08 BRT 2020
Finished at Sun May 03 03:18:08 BRT 2020. 0ms
Started at Sun May 03 03:19:08 BRT 2020
Finished at Sun May 03 03:19:08 BRT 2020. 0ms
Started at Sun May 03 03:20:08 BRT 2020
Finished at Sun May 03 03:20:08 BRT 2020. 0ms
Started at Sun May 03 03:21:08 BRT 2020
Finished at Sun May 03 03:21:08 BRT 2020. 0ms
Started at Sun May 03 03:22:08 BRT 2020
Finished at Sun May 03 03:22:08 BRT 2020. 0ms
Started at Sun May 03 03:23:08 BRT 2020
Finished at Sun May 03 03:23:08 BRT 2020. 0ms
Started at Sun May 03 03:24:08 BRT 2020
Finished at Sun May 03 03:24:08 BRT 2020. 0ms
Started at Sun May 03 03:25:08 BRT 2020
Finished at Sun May 03 03:25:08 BRT 2020. 0ms
Started at Sun May 03 03:26:08 BRT 2020
Finished at Sun May 03 03:26:08 BRT 2020. 0ms
Started at Sun May 03 03:27:08 BRT 2020
Finished at Sun May 03 03:27:08 BRT 2020. 0ms
Started at Sun May 03 03:28:08 BRT 2020
Finished at Sun May 03 03:28:08 BRT 2020. 0ms
Started at Sun May 03 03:29:08 BRT 2020
Finished at Sun May 03 03:29:08 BRT 2020. 0ms
Started at Sun May 03 03:30:08 BRT 2020
Finished at Sun May 03 03:30:08 BRT 2020. 0ms
Started at Sun May 03 03:31:08 BRT 2020
Finished at Sun May 03 03:31:08 BRT 2020. 0ms
Started at Sun May 03 03:32:08 BRT 2020
Finished at Sun May 03 03:32:08 BRT 2020. 0ms
Started at Sun May 03 03:33:08 BRT 2020
Finished at Sun May 03 03:33:08 BRT 2020. 0ms
Started at Sun May 03 03:34:08 BRT 2020
Finished at Sun May 03 03:34:08 BRT 2020. 0ms
Started at Sun May 03 03:35:08 BRT 2020
Finished at Sun May 03 03:35:08 BRT 2020. 0ms
Started at Sun May 03 03:36:08 BRT 2020
Finished at Sun May 03 03:36:08 BRT 2020. 0ms
Started at Sun May 03 03:37:08 BRT 2020
Finished at Sun May 03 03:37:08 BRT 2020. 0ms
Started at Sun May 03 03:38:08 BRT 2020
Finished at Sun May 03 03:38:08 BRT 2020. 0ms
Started at Sun May 03 03:39:08 BRT 2020
Finished at Sun May 03 03:39:08 BRT 2020. 0ms
Started at Sun May 03 03:40:08 BRT 2020
Finished at Sun May 03 03:40:08 BRT 2020. 0ms
Started at Sun May 03 03:41:08 BRT 2020
Finished at Sun May 03 03:41:08 BRT 2020. 0ms
Started at Sun May 03 03:42:08 BRT 2020
Finished at Sun May 03 03:42:08 BRT 2020. 0ms
Started at Sun May 03 03:43:08 BRT 2020
Finished at Sun May 03 03:43:08 BRT 2020. 0ms
Started at Sun May 03 03:44:08 BRT 2020
Finished at Sun May 03 03:44:08 BRT 2020. 0ms
Started at Sun May 03 03:45:08 BRT 2020
Finished at Sun May 03 03:45:08 BRT 2020. 0ms
Started at Sun May 03 03:46:08 BRT 2020
Finished at Sun May 03 03:46:08 BRT 2020. 0ms
Started at Sun May 03 03:47:08 BRT 2020
Finished at Sun May 03 03:47:08 BRT 2020. 0ms
Started at Sun May 03 03:48:08 BRT 2020
Finished at Sun May 03 03:48:08 BRT 2020. 0ms
Started at Sun May 03 03:49:08 BRT 2020
Finished at Sun May 03 03:49:08 BRT 2020. 0ms
Started at Sun May 03 03:50:08 BRT 2020
Finished at Sun May 03 03:50:08 BRT 2020. 0ms
Started at Sun May 03 03:51:08 BRT 2020
Finished at Sun May 03 03:51:08 BRT 2020. 0ms
Started at Sun May 03 03:52:08 BRT 2020
Finished at Sun May 03 03:52:08 BRT 2020. 0ms
Started at Sun May 03 03:53:08 BRT 2020
Finished at Sun May 03 03:53:08 BRT 2020. 0ms
Started at Sun May 03 03:54:08 BRT 2020
Finished at Sun May 03 03:54:08 BRT 2020. 0ms
Started at Sun May 03 03:55:08 BRT 2020
Finished at Sun May 03 03:55:08 BRT 2020. 0ms
Started at Sun May 03 03:56:08 BRT 2020
Finished at Sun May 03 03:56:08 BRT 2020. 0ms
Started at Sun May 03 03:57:08 BRT 2020
Finished at Sun May 03 03:57:08 BRT 2020. 0ms
Started at Sun May 03 03:58:08 BRT 2020
Finished at Sun May 03 03:58:08 BRT 2020. 0ms
Started at Sun May 03 03:59:08 BRT 2020
Finished at Sun May 03 03:59:08 BRT 2020. 0ms
Started at Sun May 03 04:00:08 BRT 2020
Finished at Sun May 03 04:00:08 BRT 2020. 0ms
Started at Sun May 03 04:01:08 BRT 2020
Finished at Sun May 03 04:01:08 BRT 2020. 0ms
Started at Sun May 03 04:02:08 BRT 2020
Finished at Sun May 03 04:02:08 BRT 2020. 0ms
Started at Sun May 03 04:03:08 BRT 2020
Finished at Sun May 03 04:03:08 BRT 2020. 0ms
Started at Sun May 03 04:04:08 BRT 2020
Finished at Sun May 03 04:04:08 BRT 2020. 0ms
Started at Sun May 03 04:05:08 BRT 2020
Finished at Sun May 03 04:05:08 BRT 2020. 0ms
Started at Sun May 03 04:06:08 BRT 2020
Finished at Sun May 03 04:06:08 BRT 2020. 0ms
Started at Sun May 03 04:07:08 BRT 2020
Finished at Sun May 03 04:07:08 BRT 2020. 0ms
Started at Sun May 03 04:08:08 BRT 2020
Finished at Sun May 03 04:08:08 BRT 2020. 0ms
Started at Sun May 03 04:09:08 BRT 2020
Finished at Sun May 03 04:09:08 BRT 2020. 0ms
Started at Sun May 03 04:10:08 BRT 2020
Finished at Sun May 03 04:10:08 BRT 2020. 0ms
Started at Sun May 03 04:11:08 BRT 2020
Finished at Sun May 03 04:11:08 BRT 2020. 0ms
Started at Sun May 03 04:12:08 BRT 2020
Finished at Sun May 03 04:12:08 BRT 2020. 0ms
Started at Sun May 03 04:13:08 BRT 2020
Finished at Sun May 03 04:13:08 BRT 2020. 0ms
Started at Sun May 03 04:14:08 BRT 2020
Finished at Sun May 03 04:14:08 BRT 2020. 0ms
Started at Sun May 03 04:15:08 BRT 2020
Finished at Sun May 03 04:15:08 BRT 2020. 0ms
Started at Sun May 03 04:16:08 BRT 2020
Finished at Sun May 03 04:16:08 BRT 2020. 0ms
Started at Sun May 03 04:17:08 BRT 2020
Finished at Sun May 03 04:17:08 BRT 2020. 0ms
Started at Sun May 03 04:18:08 BRT 2020
Finished at Sun May 03 04:18:08 BRT 2020. 0ms
Started at Sun May 03 04:19:08 BRT 2020
Finished at Sun May 03 04:19:08 BRT 2020. 0ms
Started at Sun May 03 04:20:08 BRT 2020
Finished at Sun May 03 04:20:08 BRT 2020. 0ms
Started at Sun May 03 04:21:08 BRT 2020
Finished at Sun May 03 04:21:08 BRT 2020. 0ms
Started at Sun May 03 04:22:08 BRT 2020
Finished at Sun May 03 04:22:08 BRT 2020. 0ms
Started at Sun May 03 04:23:08 BRT 2020
Finished at Sun May 03 04:23:08 BRT 2020. 0ms
Started at Sun May 03 04:24:08 BRT 2020
Finished at Sun May 03 04:24:08 BRT 2020. 0ms
Started at Sun May 03 04:25:08 BRT 2020
Finished at Sun May 03 04:25:08 BRT 2020. 0ms
Started at Sun May 03 04:26:08 BRT 2020
Finished at Sun May 03 04:26:08 BRT 2020. 0ms
Started at Sun May 03 04:27:08 BRT 2020
Finished at Sun May 03 04:27:08 BRT 2020. 0ms
Started at Sun May 03 04:28:08 BRT 2020
Finished at Sun May 03 04:28:08 BRT 2020. 0ms
Started at Sun May 03 04:29:08 BRT 2020
Finished at Sun May 03 04:29:08 BRT 2020. 0ms
Started at Sun May 03 04:30:08 BRT 2020
Finished at Sun May 03 04:30:08 BRT 2020. 0ms
Started at Sun May 03 04:31:08 BRT 2020
Finished at Sun May 03 04:31:08 BRT 2020. 0ms
Started at Sun May 03 04:32:08 BRT 2020
Finished at Sun May 03 04:32:08 BRT 2020. 0ms
Started at Sun May 03 04:33:08 BRT 2020
Finished at Sun May 03 04:33:08 BRT 2020. 0ms
Started at Sun May 03 04:34:08 BRT 2020
Finished at Sun May 03 04:34:08 BRT 2020. 0ms
Started at Sun May 03 04:35:08 BRT 2020
Finished at Sun May 03 04:35:08 BRT 2020. 0ms
Started at Sun May 03 04:36:08 BRT 2020
Finished at Sun May 03 04:36:08 BRT 2020. 0ms
Started at Sun May 03 04:37:08 BRT 2020
Finished at Sun May 03 04:37:08 BRT 2020. 0ms
Started at Sun May 03 04:38:08 BRT 2020
Finished at Sun May 03 04:38:08 BRT 2020. 0ms
Started at Sun May 03 04:39:08 BRT 2020
Finished at Sun May 03 04:39:08 BRT 2020. 0ms
Started at Sun May 03 04:40:08 BRT 2020
Finished at Sun May 03 04:40:08 BRT 2020. 0ms
Started at Sun May 03 04:41:08 BRT 2020
Finished at Sun May 03 04:41:08 BRT 2020. 0ms
Started at Sun May 03 04:42:08 BRT 2020
Finished at Sun May 03 04:42:08 BRT 2020. 0ms
Started at Sun May 03 04:43:08 BRT 2020
Finished at Sun May 03 04:43:08 BRT 2020. 0ms
Started at Sun May 03 04:44:08 BRT 2020
Finished at Sun May 03 04:44:08 BRT 2020. 0ms
Started at Sun May 03 04:45:08 BRT 2020
Finished at Sun May 03 04:45:08 BRT 2020. 0ms
Started at Sun May 03 04:46:08 BRT 2020
Finished at Sun May 03 04:46:08 BRT 2020. 0ms
Started at Sun May 03 04:47:08 BRT 2020
Finished at Sun May 03 04:47:08 BRT 2020. 0ms
Started at Sun May 03 04:48:08 BRT 2020
Finished at Sun May 03 04:48:08 BRT 2020. 0ms
Started at Sun May 03 04:49:08 BRT 2020
Finished at Sun May 03 04:49:08 BRT 2020. 0ms
Started at Sun May 03 04:50:08 BRT 2020
Finished at Sun May 03 04:50:08 BRT 2020. 0ms
Started at Sun May 03 04:51:08 BRT 2020
Finished at Sun May 03 04:51:08 BRT 2020. 0ms
Started at Sun May 03 04:52:08 BRT 2020
Finished at Sun May 03 04:52:08 BRT 2020. 0ms
Started at Sun May 03 04:53:08 BRT 2020
Finished at Sun May 03 04:53:08 BRT 2020. 0ms
Started at Sun May 03 04:54:08 BRT 2020
Finished at Sun May 03 04:54:08 BRT 2020. 0ms
Started at Sun May 03 04:55:08 BRT 2020
Finished at Sun May 03 04:55:08 BRT 2020. 0ms
Started at Sun May 03 04:56:08 BRT 2020
Finished at Sun May 03 04:56:08 BRT 2020. 0ms
Started at Sun May 03 04:57:08 BRT 2020
Finished at Sun May 03 04:57:08 BRT 2020. 0ms
Started at Sun May 03 04:58:08 BRT 2020
Finished at Sun May 03 04:58:08 BRT 2020. 0ms
Started at Sun May 03 04:59:08 BRT 2020
Finished at Sun May 03 04:59:08 BRT 2020. 0ms
Started at Sun May 03 05:00:08 BRT 2020
Finished at Sun May 03 05:00:08 BRT 2020. 0ms
Started at Sun May 03 05:01:08 BRT 2020
Finished at Sun May 03 05:01:08 BRT 2020. 0ms
Started at Sun May 03 05:02:08 BRT 2020
Finished at Sun May 03 05:02:08 BRT 2020. 0ms
Started at Sun May 03 05:03:08 BRT 2020
Finished at Sun May 03 05:03:08 BRT 2020. 0ms
Started at Sun May 03 05:04:08 BRT 2020
Finished at Sun May 03 05:04:08 BRT 2020. 0ms
Started at Sun May 03 05:05:08 BRT 2020
Finished at Sun May 03 05:05:08 BRT 2020. 0ms
Started at Sun May 03 05:06:08 BRT 2020
Finished at Sun May 03 05:06:08 BRT 2020. 0ms
Started at Sun May 03 05:07:08 BRT 2020
Finished at Sun May 03 05:07:08 BRT 2020. 0ms
Started at Sun May 03 05:08:08 BRT 2020
Finished at Sun May 03 05:08:08 BRT 2020. 0ms
Started at Sun May 03 05:09:08 BRT 2020
Finished at Sun May 03 05:09:08 BRT 2020. 0ms
Started at Sun May 03 05:10:08 BRT 2020
Finished at Sun May 03 05:10:08 BRT 2020. 0ms
Started at Sun May 03 05:11:08 BRT 2020
Finished at Sun May 03 05:11:08 BRT 2020. 0ms
Started at Sun May 03 05:12:08 BRT 2020
Finished at Sun May 03 05:12:08 BRT 2020. 0ms
Started at Sun May 03 05:13:08 BRT 2020
Finished at Sun May 03 05:13:08 BRT 2020. 0ms
Started at Sun May 03 05:14:08 BRT 2020
Finished at Sun May 03 05:14:08 BRT 2020. 0ms
Started at Sun May 03 05:15:08 BRT 2020
Finished at Sun May 03 05:15:08 BRT 2020. 0ms
Started at Sun May 03 05:16:08 BRT 2020
Finished at Sun May 03 05:16:08 BRT 2020. 0ms
Started at Sun May 03 05:17:08 BRT 2020
Finished at Sun May 03 05:17:08 BRT 2020. 0ms
Started at Sun May 03 05:18:08 BRT 2020
Finished at Sun May 03 05:18:08 BRT 2020. 0ms
Started at Sun May 03 05:19:08 BRT 2020
Finished at Sun May 03 05:19:08 BRT 2020. 0ms
Started at Sun May 03 05:20:08 BRT 2020
Finished at Sun May 03 05:20:08 BRT 2020. 0ms
Started at Sun May 03 05:21:08 BRT 2020
Finished at Sun May 03 05:21:08 BRT 2020. 0ms
Started at Sun May 03 05:22:08 BRT 2020
Finished at Sun May 03 05:22:08 BRT 2020. 0ms
Started at Sun May 03 05:23:08 BRT 2020
Finished at Sun May 03 05:23:08 BRT 2020. 0ms
Started at Sun May 03 05:24:08 BRT 2020
Finished at Sun May 03 05:24:08 BRT 2020. 0ms
Started at Sun May 03 05:25:08 BRT 2020
Finished at Sun May 03 05:25:08 BRT 2020. 0ms
Started at Sun May 03 05:26:08 BRT 2020
Finished at Sun May 03 05:26:08 BRT 2020. 0ms
Started at Sun May 03 05:27:08 BRT 2020
Finished at Sun May 03 05:27:08 BRT 2020. 0ms
Started at Sun May 03 05:28:08 BRT 2020
Finished at Sun May 03 05:28:08 BRT 2020. 0ms
Started at Sun May 03 05:29:08 BRT 2020
Finished at Sun May 03 05:29:08 BRT 2020. 0ms
Started at Sun May 03 05:30:08 BRT 2020
Finished at Sun May 03 05:30:08 BRT 2020. 0ms
Started at Sun May 03 05:31:08 BRT 2020
Finished at Sun May 03 05:31:08 BRT 2020. 0ms
Started at Sun May 03 05:32:08 BRT 2020
Finished at Sun May 03 05:32:08 BRT 2020. 0ms
Started at Sun May 03 05:33:08 BRT 2020
Finished at Sun May 03 05:33:08 BRT 2020. 0ms
Started at Sun May 03 05:34:08 BRT 2020
Finished at Sun May 03 05:34:08 BRT 2020. 0ms
Started at Sun May 03 05:35:08 BRT 2020
Finished at Sun May 03 05:35:08 BRT 2020. 0ms
Started at Sun May 03 05:36:08 BRT 2020
Finished at Sun May 03 05:36:08 BRT 2020. 0ms
Started at Sun May 03 05:37:08 BRT 2020
Finished at Sun May 03 05:37:08 BRT 2020. 0ms
Started at Sun May 03 05:38:08 BRT 2020
Finished at Sun May 03 05:38:08 BRT 2020. 0ms
Started at Sun May 03 05:39:08 BRT 2020
Finished at Sun May 03 05:39:08 BRT 2020. 0ms
Started at Sun May 03 05:40:08 BRT 2020
Finished at Sun May 03 05:40:08 BRT 2020. 0ms
Started at Sun May 03 05:41:08 BRT 2020
Finished at Sun May 03 05:41:08 BRT 2020. 0ms
Started at Sun May 03 05:42:08 BRT 2020
Finished at Sun May 03 05:42:08 BRT 2020. 0ms
Started at Sun May 03 05:43:08 BRT 2020
Finished at Sun May 03 05:43:08 BRT 2020. 0ms
Started at Sun May 03 05:44:08 BRT 2020
Finished at Sun May 03 05:44:08 BRT 2020. 0ms
Started at Sun May 03 05:45:08 BRT 2020
Finished at Sun May 03 05:45:08 BRT 2020. 0ms
Started at Sun May 03 05:46:08 BRT 2020
Finished at Sun May 03 05:46:08 BRT 2020. 0ms
Started at Sun May 03 05:47:08 BRT 2020
Finished at Sun May 03 05:47:08 BRT 2020. 0ms
Started at Sun May 03 05:48:08 BRT 2020
Finished at Sun May 03 05:48:08 BRT 2020. 0ms
Started at Sun May 03 05:49:08 BRT 2020
Finished at Sun May 03 05:49:08 BRT 2020. 0ms
Started at Sun May 03 05:50:08 BRT 2020
Finished at Sun May 03 05:50:08 BRT 2020. 0ms
Started at Sun May 03 05:51:08 BRT 2020
Finished at Sun May 03 05:51:08 BRT 2020. 0ms
Started at Sun May 03 05:52:08 BRT 2020
Finished at Sun May 03 05:52:08 BRT 2020. 0ms
Started at Sun May 03 05:53:08 BRT 2020
Finished at Sun May 03 05:53:08 BRT 2020. 0ms
Started at Sun May 03 05:54:08 BRT 2020
Finished at Sun May 03 05:54:08 BRT 2020. 0ms
Started at Sun May 03 05:55:08 BRT 2020
Finished at Sun May 03 05:55:08 BRT 2020. 0ms
Started at Sun May 03 05:56:08 BRT 2020
Finished at Sun May 03 05:56:08 BRT 2020. 0ms
Started at Sun May 03 05:57:08 BRT 2020
Finished at Sun May 03 05:57:08 BRT 2020. 0ms
Started at Sun May 03 05:58:08 BRT 2020
Finished at Sun May 03 05:58:08 BRT 2020. 0ms
Started at Sun May 03 05:59:08 BRT 2020
Finished at Sun May 03 05:59:08 BRT 2020. 0ms
Started at Sun May 03 06:00:08 BRT 2020
Finished at Sun May 03 06:00:08 BRT 2020. 0ms
Started at Sun May 03 06:01:08 BRT 2020
Finished at Sun May 03 06:01:08 BRT 2020. 0ms
Started at Sun May 03 06:02:08 BRT 2020
Finished at Sun May 03 06:02:08 BRT 2020. 0ms
Started at Sun May 03 06:03:08 BRT 2020
Finished at Sun May 03 06:03:08 BRT 2020. 0ms
Started at Sun May 03 06:04:08 BRT 2020
Finished at Sun May 03 06:04:08 BRT 2020. 0ms
Started at Sun May 03 06:05:08 BRT 2020
Finished at Sun May 03 06:05:08 BRT 2020. 0ms
Started at Sun May 03 06:06:08 BRT 2020
Finished at Sun May 03 06:06:08 BRT 2020. 0ms
Started at Sun May 03 06:07:08 BRT 2020
Finished at Sun May 03 06:07:08 BRT 2020. 0ms
Started at Sun May 03 06:08:08 BRT 2020
Finished at Sun May 03 06:08:08 BRT 2020. 0ms
Started at Sun May 03 06:09:08 BRT 2020
Finished at Sun May 03 06:09:08 BRT 2020. 0ms
Started at Sun May 03 06:10:08 BRT 2020
Finished at Sun May 03 06:10:08 BRT 2020. 0ms
Started at Sun May 03 06:11:08 BRT 2020
Finished at Sun May 03 06:11:08 BRT 2020. 0ms
Started at Sun May 03 06:12:08 BRT 2020
Finished at Sun May 03 06:12:08 BRT 2020. 0ms
Started at Sun May 03 06:13:08 BRT 2020
Finished at Sun May 03 06:13:08 BRT 2020. 0ms
Started at Sun May 03 06:14:08 BRT 2020
Finished at Sun May 03 06:14:08 BRT 2020. 0ms
Started at Sun May 03 06:15:08 BRT 2020
Finished at Sun May 03 06:15:08 BRT 2020. 0ms
Started at Sun May 03 06:16:08 BRT 2020
Finished at Sun May 03 06:16:08 BRT 2020. 0ms
Started at Sun May 03 06:17:08 BRT 2020
Finished at Sun May 03 06:17:08 BRT 2020. 0ms
Started at Sun May 03 06:18:08 BRT 2020
Finished at Sun May 03 06:18:08 BRT 2020. 0ms
Started at Sun May 03 06:19:08 BRT 2020
Finished at Sun May 03 06:19:08 BRT 2020. 0ms
Started at Sun May 03 06:20:08 BRT 2020
Finished at Sun May 03 06:20:08 BRT 2020. 0ms
Started at Sun May 03 06:21:08 BRT 2020
Finished at Sun May 03 06:21:08 BRT 2020. 0ms
Started at Sun May 03 06:22:08 BRT 2020
Finished at Sun May 03 06:22:08 BRT 2020. 0ms
Started at Sun May 03 06:23:08 BRT 2020
Finished at Sun May 03 06:23:08 BRT 2020. 0ms
Started at Sun May 03 06:24:08 BRT 2020
Finished at Sun May 03 06:24:08 BRT 2020. 0ms
Started at Sun May 03 06:25:08 BRT 2020
Finished at Sun May 03 06:25:08 BRT 2020. 0ms
Started at Sun May 03 06:26:08 BRT 2020
Finished at Sun May 03 06:26:08 BRT 2020. 0ms
Started at Sun May 03 06:27:08 BRT 2020
Finished at Sun May 03 06:27:08 BRT 2020. 0ms
Started at Sun May 03 06:28:08 BRT 2020
Finished at Sun May 03 06:28:08 BRT 2020. 0ms
Started at Sun May 03 06:29:08 BRT 2020
Finished at Sun May 03 06:29:08 BRT 2020. 0ms
Started at Sun May 03 06:30:08 BRT 2020
Finished at Sun May 03 06:30:08 BRT 2020. 0ms
Started at Sun May 03 06:31:08 BRT 2020
Finished at Sun May 03 06:31:08 BRT 2020. 0ms
Started at Sun May 03 06:32:08 BRT 2020
Finished at Sun May 03 06:32:08 BRT 2020. 0ms
Started at Sun May 03 06:33:08 BRT 2020
Finished at Sun May 03 06:33:08 BRT 2020. 0ms
Started at Sun May 03 06:34:08 BRT 2020
Finished at Sun May 03 06:34:08 BRT 2020. 0ms
Started at Sun May 03 06:35:08 BRT 2020
Finished at Sun May 03 06:35:08 BRT 2020. 0ms
Started at Sun May 03 06:36:08 BRT 2020
Finished at Sun May 03 06:36:08 BRT 2020. 0ms
Started at Sun May 03 06:37:08 BRT 2020
Finished at Sun May 03 06:37:08 BRT 2020. 1ms
Started at Sun May 03 06:38:08 BRT 2020
Finished at Sun May 03 06:38:08 BRT 2020. 0ms
Started at Sun May 03 06:39:08 BRT 2020
Finished at Sun May 03 06:39:08 BRT 2020. 0ms
Started at Sun May 03 06:40:08 BRT 2020
Finished at Sun May 03 06:40:08 BRT 2020. 0ms
Started at Sun May 03 06:41:08 BRT 2020
Finished at Sun May 03 06:41:08 BRT 2020. 0ms
Started at Sun May 03 06:42:08 BRT 2020
Finished at Sun May 03 06:42:08 BRT 2020. 0ms
Started at Sun May 03 06:43:08 BRT 2020
Finished at Sun May 03 06:43:08 BRT 2020. 0ms
Started at Sun May 03 06:44:08 BRT 2020
Finished at Sun May 03 06:44:08 BRT 2020. 0ms
Started at Sun May 03 06:45:08 BRT 2020
Finished at Sun May 03 06:45:08 BRT 2020. 0ms
Started at Sun May 03 06:46:08 BRT 2020
Finished at Sun May 03 06:46:08 BRT 2020. 0ms
Started at Sun May 03 06:47:08 BRT 2020
Finished at Sun May 03 06:47:08 BRT 2020. 0ms
Started at Sun May 03 06:48:08 BRT 2020
Finished at Sun May 03 06:48:08 BRT 2020. 0ms
Started at Sun May 03 06:49:08 BRT 2020
Finished at Sun May 03 06:49:08 BRT 2020. 0ms
Started at Sun May 03 06:50:08 BRT 2020
Finished at Sun May 03 06:50:08 BRT 2020. 0ms
Started at Sun May 03 06:51:08 BRT 2020
Finished at Sun May 03 06:51:08 BRT 2020. 0ms
Started at Sun May 03 06:52:08 BRT 2020
Finished at Sun May 03 06:52:08 BRT 2020. 0ms
Started at Sun May 03 06:53:08 BRT 2020
Finished at Sun May 03 06:53:08 BRT 2020. 0ms
Started at Sun May 03 06:54:08 BRT 2020
Finished at Sun May 03 06:54:08 BRT 2020. 0ms
Started at Sun May 03 06:55:08 BRT 2020
Finished at Sun May 03 06:55:08 BRT 2020. 0ms
Started at Sun May 03 06:56:08 BRT 2020
Finished at Sun May 03 06:56:08 BRT 2020. 0ms
Started at Sun May 03 06:57:08 BRT 2020
Finished at Sun May 03 06:57:08 BRT 2020. 0ms
Started at Sun May 03 06:58:08 BRT 2020
Finished at Sun May 03 06:58:08 BRT 2020. 0ms
Started at Sun May 03 06:59:08 BRT 2020
Finished at Sun May 03 06:59:08 BRT 2020. 0ms
Started at Sun May 03 07:00:08 BRT 2020
Finished at Sun May 03 07:00:08 BRT 2020. 0ms
Started at Sun May 03 07:01:08 BRT 2020
Finished at Sun May 03 07:01:08 BRT 2020. 0ms
Started at Sun May 03 07:02:08 BRT 2020
Finished at Sun May 03 07:02:08 BRT 2020. 0ms
Started at Sun May 03 07:03:08 BRT 2020
Finished at Sun May 03 07:03:08 BRT 2020. 0ms
Started at Sun May 03 07:04:08 BRT 2020
Finished at Sun May 03 07:04:08 BRT 2020. 0ms
Started at Sun May 03 07:05:08 BRT 2020
Finished at Sun May 03 07:05:08 BRT 2020. 0ms
Started at Sun May 03 07:06:08 BRT 2020
Finished at Sun May 03 07:06:08 BRT 2020. 0ms
Started at Sun May 03 07:07:08 BRT 2020
Finished at Sun May 03 07:07:08 BRT 2020. 0ms
Started at Sun May 03 07:08:08 BRT 2020
Finished at Sun May 03 07:08:08 BRT 2020. 0ms
Started at Sun May 03 07:09:08 BRT 2020
Finished at Sun May 03 07:09:08 BRT 2020. 0ms
Started at Sun May 03 07:10:08 BRT 2020
Finished at Sun May 03 07:10:08 BRT 2020. 0ms
Started at Sun May 03 07:11:08 BRT 2020
Finished at Sun May 03 07:11:08 BRT 2020. 0ms
Started at Sun May 03 07:12:08 BRT 2020
Finished at Sun May 03 07:12:08 BRT 2020. 0ms
Started at Sun May 03 07:13:08 BRT 2020
Finished at Sun May 03 07:13:08 BRT 2020. 0ms
Started at Sun May 03 07:14:08 BRT 2020
Finished at Sun May 03 07:14:08 BRT 2020. 0ms
Started at Sun May 03 07:15:08 BRT 2020
Finished at Sun May 03 07:15:08 BRT 2020. 0ms
Started at Sun May 03 07:16:08 BRT 2020
Finished at Sun May 03 07:16:08 BRT 2020. 0ms
Started at Sun May 03 07:17:08 BRT 2020
Finished at Sun May 03 07:17:08 BRT 2020. 0ms
Started at Sun May 03 07:18:08 BRT 2020
Finished at Sun May 03 07:18:08 BRT 2020. 0ms
Started at Sun May 03 07:19:08 BRT 2020
Finished at Sun May 03 07:19:08 BRT 2020. 0ms
Started at Sun May 03 07:20:08 BRT 2020
Finished at Sun May 03 07:20:08 BRT 2020. 0ms
Started at Sun May 03 07:21:08 BRT 2020
Finished at Sun May 03 07:21:08 BRT 2020. 0ms
Started at Sun May 03 07:22:08 BRT 2020
Finished at Sun May 03 07:22:08 BRT 2020. 0ms
Started at Sun May 03 07:23:08 BRT 2020
Finished at Sun May 03 07:23:08 BRT 2020. 0ms
Started at Sun May 03 07:24:08 BRT 2020
Finished at Sun May 03 07:24:08 BRT 2020. 0ms
Started at Sun May 03 07:25:08 BRT 2020
Finished at Sun May 03 07:25:08 BRT 2020. 0ms
Started at Sun May 03 07:26:08 BRT 2020
Finished at Sun May 03 07:26:08 BRT 2020. 0ms
Started at Sun May 03 07:27:08 BRT 2020
Finished at Sun May 03 07:27:08 BRT 2020. 0ms
Started at Sun May 03 07:28:08 BRT 2020
Finished at Sun May 03 07:28:08 BRT 2020. 0ms
Started at Sun May 03 07:29:08 BRT 2020
Finished at Sun May 03 07:29:08 BRT 2020. 0ms
Started at Sun May 03 07:30:08 BRT 2020
Finished at Sun May 03 07:30:08 BRT 2020. 0ms
Started at Sun May 03 07:31:08 BRT 2020
Finished at Sun May 03 07:31:08 BRT 2020. 0ms
Started at Sun May 03 07:32:08 BRT 2020
Finished at Sun May 03 07:32:08 BRT 2020. 0ms
Started at Sun May 03 07:33:08 BRT 2020
Finished at Sun May 03 07:33:08 BRT 2020. 0ms
Started at Sun May 03 07:34:08 BRT 2020
Finished at Sun May 03 07:34:08 BRT 2020. 0ms
Started at Sun May 03 07:35:08 BRT 2020
Finished at Sun May 03 07:35:08 BRT 2020. 0ms
Started at Sun May 03 07:36:08 BRT 2020
Finished at Sun May 03 07:36:08 BRT 2020. 0ms
Started at Sun May 03 07:37:08 BRT 2020
Finished at Sun May 03 07:37:08 BRT 2020. 0ms
Started at Sun May 03 07:38:08 BRT 2020
Finished at Sun May 03 07:38:08 BRT 2020. 0ms
Started at Sun May 03 07:39:08 BRT 2020
Finished at Sun May 03 07:39:08 BRT 2020. 0ms
Started at Sun May 03 07:40:08 BRT 2020
Finished at Sun May 03 07:40:08 BRT 2020. 0ms
Started at Sun May 03 07:41:08 BRT 2020
Finished at Sun May 03 07:41:08 BRT 2020. 0ms
Started at Sun May 03 07:42:08 BRT 2020
Finished at Sun May 03 07:42:08 BRT 2020. 0ms
Started at Sun May 03 07:43:08 BRT 2020
Finished at Sun May 03 07:43:08 BRT 2020. 0ms
Started at Sun May 03 07:44:08 BRT 2020
Finished at Sun May 03 07:44:08 BRT 2020. 0ms
Started at Sun May 03 07:45:08 BRT 2020
Finished at Sun May 03 07:45:08 BRT 2020. 0ms
Started at Sun May 03 07:46:08 BRT 2020
Finished at Sun May 03 07:46:08 BRT 2020. 0ms
Started at Sun May 03 07:47:08 BRT 2020
Finished at Sun May 03 07:47:08 BRT 2020. 0ms
Started at Sun May 03 07:48:08 BRT 2020
Finished at Sun May 03 07:48:08 BRT 2020. 0ms
Started at Sun May 03 07:49:08 BRT 2020
Finished at Sun May 03 07:49:08 BRT 2020. 0ms
Started at Sun May 03 07:50:08 BRT 2020
Finished at Sun May 03 07:50:08 BRT 2020. 0ms
Started at Sun May 03 07:51:08 BRT 2020
Finished at Sun May 03 07:51:08 BRT 2020. 0ms
Started at Sun May 03 07:52:08 BRT 2020
Finished at Sun May 03 07:52:08 BRT 2020. 0ms
Started at Sun May 03 07:53:08 BRT 2020
Finished at Sun May 03 07:53:08 BRT 2020. 0ms
Started at Sun May 03 07:54:08 BRT 2020
Finished at Sun May 03 07:54:08 BRT 2020. 0ms
Started at Sun May 03 07:55:08 BRT 2020
Finished at Sun May 03 07:55:08 BRT 2020. 0ms
Started at Sun May 03 07:56:08 BRT 2020
Finished at Sun May 03 07:56:08 BRT 2020. 0ms
Started at Sun May 03 07:57:08 BRT 2020
Finished at Sun May 03 07:57:08 BRT 2020. 0ms
Started at Sun May 03 07:58:08 BRT 2020
Finished at Sun May 03 07:58:08 BRT 2020. 0ms
Started at Sun May 03 07:59:08 BRT 2020
Finished at Sun May 03 07:59:08 BRT 2020. 0ms
Started at Sun May 03 08:00:08 BRT 2020
Finished at Sun May 03 08:00:08 BRT 2020. 0ms
Started at Sun May 03 08:01:08 BRT 2020
Finished at Sun May 03 08:01:08 BRT 2020. 0ms
Started at Sun May 03 08:02:08 BRT 2020
Finished at Sun May 03 08:02:08 BRT 2020. 13ms
Started at Sun May 03 08:03:08 BRT 2020
Finished at Sun May 03 08:03:08 BRT 2020. 0ms
Started at Sun May 03 08:04:08 BRT 2020
Finished at Sun May 03 08:04:08 BRT 2020. 0ms
Started at Sun May 03 08:05:08 BRT 2020
Finished at Sun May 03 08:05:08 BRT 2020. 0ms
Started at Sun May 03 08:06:08 BRT 2020
Finished at Sun May 03 08:06:08 BRT 2020. 0ms
Started at Sun May 03 08:07:08 BRT 2020
Finished at Sun May 03 08:07:08 BRT 2020. 0ms
Started at Sun May 03 08:08:08 BRT 2020
Finished at Sun May 03 08:08:08 BRT 2020. 0ms
Started at Sun May 03 08:09:08 BRT 2020
Finished at Sun May 03 08:09:08 BRT 2020. 0ms
Started at Sun May 03 08:10:08 BRT 2020
Finished at Sun May 03 08:10:08 BRT 2020. 0ms
Started at Sun May 03 08:11:08 BRT 2020
Finished at Sun May 03 08:11:08 BRT 2020. 0ms
Started at Sun May 03 08:12:08 BRT 2020
Finished at Sun May 03 08:12:08 BRT 2020. 0ms
Started at Sun May 03 08:13:08 BRT 2020
Finished at Sun May 03 08:13:08 BRT 2020. 0ms
Started at Sun May 03 08:14:08 BRT 2020
Finished at Sun May 03 08:14:08 BRT 2020. 0ms
Started at Sun May 03 08:15:08 BRT 2020
Finished at Sun May 03 08:15:08 BRT 2020. 0ms
Started at Sun May 03 08:16:08 BRT 2020
Finished at Sun May 03 08:16:08 BRT 2020. 0ms
Started at Sun May 03 08:17:08 BRT 2020
Finished at Sun May 03 08:17:08 BRT 2020. 0ms
Started at Sun May 03 08:18:08 BRT 2020
Finished at Sun May 03 08:18:08 BRT 2020. 0ms
Started at Sun May 03 08:19:08 BRT 2020
Finished at Sun May 03 08:19:08 BRT 2020. 0ms
Started at Sun May 03 08:20:08 BRT 2020
Finished at Sun May 03 08:20:08 BRT 2020. 1ms
Started at Sun May 03 08:21:08 BRT 2020
Finished at Sun May 03 08:21:08 BRT 2020. 0ms
Started at Sun May 03 08:22:08 BRT 2020
Finished at Sun May 03 08:22:08 BRT 2020. 0ms
Started at Sun May 03 08:23:08 BRT 2020
Finished at Sun May 03 08:23:08 BRT 2020. 0ms
Started at Sun May 03 08:24:08 BRT 2020
Finished at Sun May 03 08:24:08 BRT 2020. 0ms
Started at Sun May 03 08:25:08 BRT 2020
Finished at Sun May 03 08:25:08 BRT 2020. 0ms
Started at Sun May 03 08:26:08 BRT 2020
Finished at Sun May 03 08:26:08 BRT 2020. 0ms
Started at Sun May 03 08:27:08 BRT 2020
Finished at Sun May 03 08:27:08 BRT 2020. 0ms
Started at Sun May 03 08:28:08 BRT 2020
Finished at Sun May 03 08:28:08 BRT 2020. 0ms
Started at Sun May 03 08:29:08 BRT 2020
Finished at Sun May 03 08:29:08 BRT 2020. 1ms
Started at Sun May 03 08:30:08 BRT 2020
Finished at Sun May 03 08:30:08 BRT 2020. 0ms
Started at Sun May 03 08:31:08 BRT 2020
Finished at Sun May 03 08:31:08 BRT 2020. 0ms
Started at Sun May 03 08:32:08 BRT 2020
Finished at Sun May 03 08:32:08 BRT 2020. 0ms
Started at Sun May 03 08:33:08 BRT 2020
Finished at Sun May 03 08:33:08 BRT 2020. 0ms
Started at Sun May 03 08:34:08 BRT 2020
Finished at Sun May 03 08:34:08 BRT 2020. 0ms
Started at Sun May 03 08:35:08 BRT 2020
Finished at Sun May 03 08:35:08 BRT 2020. 0ms
Started at Sun May 03 08:36:08 BRT 2020
Finished at Sun May 03 08:36:08 BRT 2020. 0ms
Started at Sun May 03 08:37:08 BRT 2020
Finished at Sun May 03 08:37:08 BRT 2020. 0ms
Started at Sun May 03 08:38:08 BRT 2020
Finished at Sun May 03 08:38:08 BRT 2020. 0ms
Started at Sun May 03 08:39:08 BRT 2020
Finished at Sun May 03 08:39:08 BRT 2020. 0ms
Started at Sun May 03 08:40:08 BRT 2020
Finished at Sun May 03 08:40:08 BRT 2020. 0ms
Started at Sun May 03 08:41:08 BRT 2020
Finished at Sun May 03 08:41:08 BRT 2020. 0ms
Started at Sun May 03 08:42:08 BRT 2020
Finished at Sun May 03 08:42:08 BRT 2020. 0ms
Started at Sun May 03 08:43:08 BRT 2020
Finished at Sun May 03 08:43:08 BRT 2020. 0ms
Started at Sun May 03 08:44:08 BRT 2020
Finished at Sun May 03 08:44:08 BRT 2020. 0ms
Started at Sun May 03 08:45:08 BRT 2020
Finished at Sun May 03 08:45:08 BRT 2020. 0ms
Started at Sun May 03 08:46:08 BRT 2020
Finished at Sun May 03 08:46:08 BRT 2020. 0ms
Started at Sun May 03 08:47:08 BRT 2020
Finished at Sun May 03 08:47:08 BRT 2020. 0ms
Started at Sun May 03 08:48:08 BRT 2020
Finished at Sun May 03 08:48:08 BRT 2020. 0ms
Started at Sun May 03 08:49:08 BRT 2020
Finished at Sun May 03 08:49:08 BRT 2020. 0ms
Started at Sun May 03 08:50:08 BRT 2020
Finished at Sun May 03 08:50:08 BRT 2020. 0ms
Started at Sun May 03 08:51:08 BRT 2020
Finished at Sun May 03 08:51:08 BRT 2020. 0ms
Started at Sun May 03 08:52:08 BRT 2020
Finished at Sun May 03 08:52:08 BRT 2020. 0ms
Started at Sun May 03 08:53:08 BRT 2020
Finished at Sun May 03 08:53:08 BRT 2020. 0ms
Started at Sun May 03 08:54:08 BRT 2020
Finished at Sun May 03 08:54:08 BRT 2020. 0ms
Started at Sun May 03 08:55:08 BRT 2020
Finished at Sun May 03 08:55:08 BRT 2020. 0ms
Started at Sun May 03 08:56:08 BRT 2020
Finished at Sun May 03 08:56:08 BRT 2020. 0ms
Started at Sun May 03 08:57:08 BRT 2020
Finished at Sun May 03 08:57:08 BRT 2020. 0ms
Started at Sun May 03 08:58:08 BRT 2020
Finished at Sun May 03 08:58:08 BRT 2020. 0ms
Started at Sun May 03 08:59:08 BRT 2020
Finished at Sun May 03 08:59:08 BRT 2020. 0ms
Started at Sun May 03 09:00:08 BRT 2020
Finished at Sun May 03 09:00:08 BRT 2020. 0ms
Started at Sun May 03 09:01:08 BRT 2020
Finished at Sun May 03 09:01:08 BRT 2020. 1ms
Started at Sun May 03 09:02:08 BRT 2020
Finished at Sun May 03 09:02:08 BRT 2020. 0ms
Started at Sun May 03 09:03:08 BRT 2020
Finished at Sun May 03 09:03:08 BRT 2020. 0ms
Started at Sun May 03 09:04:08 BRT 2020
Finished at Sun May 03 09:04:08 BRT 2020. 0ms
Started at Sun May 03 09:05:08 BRT 2020
Finished at Sun May 03 09:05:08 BRT 2020. 0ms
Started at Sun May 03 09:06:08 BRT 2020
Finished at Sun May 03 09:06:08 BRT 2020. 0ms
Started at Sun May 03 09:07:08 BRT 2020
Finished at Sun May 03 09:07:08 BRT 2020. 0ms
Started at Sun May 03 09:08:08 BRT 2020
Finished at Sun May 03 09:08:08 BRT 2020. 0ms
Started at Sun May 03 09:09:08 BRT 2020
Finished at Sun May 03 09:09:08 BRT 2020. 0ms
Started at Sun May 03 09:10:08 BRT 2020
Finished at Sun May 03 09:10:08 BRT 2020. 0ms
Started at Sun May 03 09:11:08 BRT 2020
Finished at Sun May 03 09:11:08 BRT 2020. 0ms
Started at Sun May 03 09:12:08 BRT 2020
Finished at Sun May 03 09:12:08 BRT 2020. 0ms
Started at Sun May 03 09:13:08 BRT 2020
Finished at Sun May 03 09:13:08 BRT 2020. 0ms
Started at Sun May 03 09:14:08 BRT 2020
Finished at Sun May 03 09:14:08 BRT 2020. 0ms
Started at Sun May 03 09:15:08 BRT 2020
Finished at Sun May 03 09:15:08 BRT 2020. 0ms
Started at Sun May 03 09:16:08 BRT 2020
Finished at Sun May 03 09:16:08 BRT 2020. 0ms
Started at Sun May 03 09:17:08 BRT 2020
Finished at Sun May 03 09:17:08 BRT 2020. 0ms
Started at Sun May 03 09:18:08 BRT 2020
Finished at Sun May 03 09:18:08 BRT 2020. 0ms
Started at Sun May 03 09:19:08 BRT 2020
Finished at Sun May 03 09:19:08 BRT 2020. 0ms
Started at Sun May 03 09:20:08 BRT 2020
Finished at Sun May 03 09:20:08 BRT 2020. 0ms
Started at Sun May 03 09:21:08 BRT 2020
Finished at Sun May 03 09:21:08 BRT 2020. 0ms
Started at Sun May 03 09:22:08 BRT 2020
Finished at Sun May 03 09:22:08 BRT 2020. 0ms
Started at Sun May 03 09:23:08 BRT 2020
Finished at Sun May 03 09:23:08 BRT 2020. 0ms
Started at Sun May 03 09:24:08 BRT 2020
Finished at Sun May 03 09:24:08 BRT 2020. 0ms
Started at Sun May 03 09:25:08 BRT 2020
Finished at Sun May 03 09:25:08 BRT 2020. 0ms
Started at Sun May 03 09:26:08 BRT 2020
Finished at Sun May 03 09:26:08 BRT 2020. 0ms
Started at Sun May 03 09:27:08 BRT 2020
Finished at Sun May 03 09:27:08 BRT 2020. 0ms
Started at Sun May 03 09:28:08 BRT 2020
Finished at Sun May 03 09:28:08 BRT 2020. 0ms
Started at Sun May 03 09:29:08 BRT 2020
Finished at Sun May 03 09:29:08 BRT 2020. 0ms
Started at Sun May 03 09:30:08 BRT 2020
Finished at Sun May 03 09:30:08 BRT 2020. 0ms
Started at Sun May 03 09:31:08 BRT 2020
Finished at Sun May 03 09:31:08 BRT 2020. 0ms
Started at Sun May 03 09:32:08 BRT 2020
Finished at Sun May 03 09:32:08 BRT 2020. 0ms
Started at Sun May 03 09:33:08 BRT 2020
Finished at Sun May 03 09:33:08 BRT 2020. 0ms
Started at Sun May 03 09:34:08 BRT 2020
Finished at Sun May 03 09:34:08 BRT 2020. 0ms
Started at Sun May 03 09:35:08 BRT 2020
Finished at Sun May 03 09:35:08 BRT 2020. 0ms
Started at Sun May 03 09:36:08 BRT 2020
Finished at Sun May 03 09:36:08 BRT 2020. 0ms
Started at Sun May 03 09:37:08 BRT 2020
Finished at Sun May 03 09:37:08 BRT 2020. 0ms
Started at Sun May 03 09:38:08 BRT 2020
Finished at Sun May 03 09:38:08 BRT 2020. 0ms
Started at Sun May 03 09:39:08 BRT 2020
Finished at Sun May 03 09:39:08 BRT 2020. 0ms
Started at Sun May 03 09:40:08 BRT 2020
Finished at Sun May 03 09:40:08 BRT 2020. 0ms
Started at Sun May 03 09:41:08 BRT 2020
Finished at Sun May 03 09:41:08 BRT 2020. 0ms
